Hmm ... looks like a package

This is pdfTeX, Version 3.1415926-2.5-1.40.14 (TeX Live 2013/Debian)
 restricted \write18 enabled.
entering extended mode
LaTeX2e <2011/06/27>
Babel <3.9h> and hyphenation patterns for 2 languages loaded.
(./Rd2.tex
(/usr/share/texlive/texmf-dist/tex/latex/base/book.cls
Document Class: book 2007/10/19 v1.4h Standard LaTeX document class
(/usr/share/texlive/texmf-dist/tex/latex/base/bk10.clo))
(/usr/share/R/share/texmf/tex/latex/Rd.sty
(/usr/share/texlive/texmf-dist/tex/latex/base/ifthen.sty)
(/usr/share/texlive/texmf-dist/tex/latex/tools/longtable.sty)
(/usr/share/texlive/texmf-dist/tex/latex/tools/bm.sty)
(/usr/share/texlive/texmf-dist/tex/latex/base/alltt.sty)
(/usr/share/texlive/texmf-dist/tex/latex/tools/verbatim.sty)
(/usr/share/texlive/texmf-dist/tex/latex/url/url.sty)
(/usr/share/texlive/texmf-dist/tex/latex/base/textcomp.sty
(/usr/share/texlive/texmf-dist/tex/latex/base/ts1enc.def))
(/usr/share/texlive/texmf-dist/tex/latex/base/fontenc.sty
(/usr/share/texlive/texmf-dist/tex/latex/base/t1enc.def))
(/usr/share/texlive/texmf-dist/tex/latex/psnfss/times.sty)
(/usr/share/texlive/texmf-dist/tex/latex/inconsolata/zi4.sty
(/usr/share/texlive/texmf-dist/tex/latex/graphics/keyval.sty))
(/usr/share/texlive/texmf-dist/tex/latex/graphics/color.sty
(/usr/share/texlive/texmf-dist/tex/latex/latexconfig/color.cfg)
(/usr/share/texlive/texmf-dist/tex/latex/pdftex-def/pdftex.def
(/usr/share/texlive/texmf-dist/tex/generic/oberdiek/infwarerr.sty)
(/usr/share/texlive/texmf-dist/tex/generic/oberdiek/ltxcmds.sty)))
(/usr/share/texlive/texmf-dist/tex/latex/hyperref/hyperref.sty
(/usr/share/texlive/texmf-dist/tex/generic/oberdiek/hobsub-hyperref.sty
(/usr/share/texlive/texmf-dist/tex/generic/oberdiek/hobsub-generic.sty))
(/usr/share/texlive/texmf-dist/tex/generic/ifxetex/ifxetex.sty)
(/usr/share/texlive/texmf-dist/tex/latex/oberdiek/auxhook.sty)
(/usr/share/texlive/texmf-dist/tex/latex/oberdiek/kvoptions.sty)
(/usr/share/texlive/texmf-dist/tex/latex/hyperref/pd1enc.def)
(/usr/share/texlive/texmf-dist/tex/latex/latexconfig/hyperref.cfg))

Package hyperref Message: Driver (autodetected): hpdftex.

(/usr/share/texlive/texmf-dist/tex/latex/hyperref/hpdftex.def
(/usr/share/texlive/texmf-dist/tex/latex/oberdiek/rerunfilecheck.sty))

Package hyperref Warning: Option `hyperindex' has already been used,
(hyperref)                setting the option has no effect on input line 366.


Package hyperref Warning: Option `pagebackref' has already been used,
(hyperref)                setting the option has no effect on input line 366.

) (/usr/share/texlive/texmf-dist/tex/latex/base/makeidx.sty)
(/usr/share/texlive/texmf-dist/tex/latex/base/inputenc.sty
(/usr/share/texlive/texmf-dist/tex/latex/base/utf8.def
(/usr/share/texlive/texmf-dist/tex/latex/base/t1enc.dfu)
(/usr/share/texlive/texmf-dist/tex/latex/base/ot1enc.dfu)
(/usr/share/texlive/texmf-dist/tex/latex/base/omsenc.dfu)
(/usr/share/texlive/texmf-dist/tex/latex/base/ts1enc.dfu))
(/usr/share/texlive/texmf-dist/tex/latex/base/latin1.def))
Writing index file Rd2.idx
No file Rd2.aux.
(/usr/share/texlive/texmf-dist/tex/latex/base/ts1cmr.fd)
(/usr/share/texlive/texmf-dist/tex/latex/psnfss/t1ptm.fd)
(/usr/share/texlive/texmf-dist/tex/context/base/supp-pdf.mkii
[Loading MPS to PDF converter (version 2006.09.02).]
) (/usr/share/texlive/texmf-dist/tex/latex/hyperref/nameref.sty
(/usr/share/texlive/texmf-dist/tex/generic/oberdiek/gettitlestring.sty))
(/usr/share/texlive/texmf-dist/tex/latex/inconsolata/t1zi4.fd)
(/usr/share/texlive/texmf-dist/tex/latex/psnfss/t1phv.fd)
(/usr/share/texlive/texmf-dist/tex/latex/base/utf8.def) [1{/var/lib/texmf/fonts
/map/pdftex/updmap/pdftex.map}]
Overfull \hbox (19.78088pt too wide) in paragraph at lines 51--51
 []  \T1/zi4/m/n/10 NULL, redo = FALSE, img = TRUE, it = "jpeg", set = FALSE, f
list = NULL, smadj = NULL,[] 
[2]
Overfull \hbox (0.55826pt too wide) in paragraph at lines 133--136
\T1/ptm/m/n/10 (envt), band-pass (bp), power (pw), smooth (smo, ei-ther mm-soot
h[1] or ss-mooth),
[3] (/usr/share/texlive/texmf-dist/tex/latex/base/utf8.def) [4] [5]
(/usr/share/texlive/texmf-dist/tex/latex/base/utf8.def) [6]
(/usr/share/texlive/texmf-dist/tex/latex/base/utf8.def)
Overfull \hbox (30.78088pt too wide) in paragraph at lines 350--350
 []\T1/zi4/m/n/10 compare.methods(X = NULL, flim = c(0, 22), bp = c(0, 22), mar
 = 0.1, wl = 512, ovlp = 90,[] 

Overfull \hbox (13.78088pt too wide) in paragraph at lines 352--352
 []\T1/zi4/m/n/10 "dfDTW", "ffDTW", "SP"),it = "jpeg", parallel = 1, path = NUL
L, sp = NULL, pb = TRUE)[] 
[7] [8] (/usr/share/texlive/texmf-dist/tex/latex/base/utf8.def) [9]
Overfull \hbox (22.78088pt too wide) in paragraph at lines 482--482
 []\T1/zi4/m/n/10 coor.graph(X, only.coor = FALSE, ovlp = TRUE, xl = 1, res= 80
, it = "jpeg", img = TRUE,[] 
[10] (/usr/share/texlive/texmf-dist/tex/latex/inconsolata/ts1zi4.fd)
(/usr/share/texlive/texmf-dist/tex/latex/base/utf8.def)
Overfull \hbox (18.50716pt too wide) in paragraph at lines 586--593
[]\T1/ptm/m/n/10 This func-tion cal-cu-lates the prob-a-bil-ity of find-ing and
 equal or lower num-ber (or higher if les.than.chance
[11] (/usr/share/texlive/texmf-dist/tex/latex/base/utf8.def) [12]
(/usr/share/texlive/texmf-dist/tex/latex/base/utf8.def)
Overfull \hbox (9.78088pt too wide) in paragraph at lines 662--662
 []  \T1/zi4/m/n/10 c(0, 0, 0, 0), picsize = 1, res = 100, cexlab = 1, title = 
TRUE, propwidth = FALSE,[] 
[13] [14] (/usr/share/texlive/texmf-dist/tex/latex/base/utf8.def) [15]
Overfull \hbox (9.78088pt too wide) in paragraph at lines 829--829
 []  \T1/zi4/m/n/10 c(0, 0, 0, 0), picsize = 1, res = 100, cexlab = 1, title = 
TRUE, propwidth = FALSE,[] 
[16] [17] (/usr/share/texlive/texmf-dist/tex/latex/base/utf8.def)
Overfull \hbox (9.78088pt too wide) in paragraph at lines 997--997
 []  \T1/zi4/m/n/10 c(0, 0, 0, 0), picsize = 1, res = 100, cexlab = 1, title = 
TRUE, propwidth = FALSE,[] 
[18] [19] [20] (/usr/share/texlive/texmf-dist/tex/latex/base/utf8.def)
Overfull \hbox (9.78088pt too wide) in paragraph at lines 1166--1166
 []  \T1/zi4/m/n/10 c(0, 0, 0, 0), picsize = 1, res = 100, cexlab = 1, title = 
TRUE, propwidth = FALSE,[] 
[21] [22] [23]
Overfull \hbox (19.68097pt too wide) in paragraph at lines 1316--1316
 []\T1/zi4/m/n/9 Note that fundamental frequency is not accurate for noisy sign
als, works better with pure tones[] 
(/usr/share/texlive/texmf-dist/tex/latex/base/utf8.def) [24]
Overfull \hbox (0.78094pt too wide) in paragraph at lines 1383--1383
 []\T1/zi4/m/n/9 specreator(manualoc.df, flim = c(0, 11), inner.mar = c(4,4.5,2
,1), outer.mar = c(4,2,2,1),[] 

Overfull \hbox (1.68097pt too wide) in paragraph at lines 1390--1390
 []\T1/zi4/m/n/9 #this data frame does not have the selections corresponding to
 the images that were deleted[] 

Overfull \hbox (27.78098pt too wide) in paragraph at lines 1396--1396
 []\T1/zi4/m/n/9 #go to the working directory and delete lspec images (the ones
 with several rows of spectrograms)[] 
(/usr/share/texlive/texmf-dist/tex/latex/base/utf8.def) [25]
Overfull \hbox (3.78088pt too wide) in paragraph at lines 1413--1413
 []\T1/zi4/m/n/10 imp.raven(path = NULL, sound.file.col = NULL, all.data = FALS
E, recursive = FALSE)[] 
[26] (/usr/share/texlive/texmf-dist/tex/latex/base/utf8.def) [27]
(/usr/share/texlive/texmf-dist/tex/latex/base/utf8.def) [28] [29]
Overfull \hbox (7.98099pt too wide) in paragraph at lines 1653--1653
 []\T1/zi4/m/n/9 lspec(sxrow = 2, rows = 8, X = manualoc.df, pal = reverse.heat
.colors, redo = TRUE, wl = 300)[] 
(/usr/share/texlive/texmf-dist/tex/latex/base/utf8.def) [30]
(/usr/share/texlive/texmf-dist/tex/latex/base/utf8.def) [31] [32]
Overfull \hbox (12.28708pt too wide) in paragraph at lines 1811--1819
\T1/ptm/m/n/10 re-verse.gray.colors.2, re-verse.heat.colors, re-verse.terrain.c
olors, re-verse.topo.colors, re-verse.cm.colors,
[33] (/usr/share/texlive/texmf-dist/tex/latex/base/utf8.def)
(/usr/share/texlive/texmf-dist/tex/latex/base/utf8.def) [34]
(/usr/share/texlive/texmf-dist/tex/latex/base/utf8.def) [35]
(/usr/share/texlive/texmf-dist/tex/latex/base/utf8.def)
(/usr/share/texlive/texmf-dist/tex/latex/base/utf8.def) [36]
(/usr/share/texlive/texmf-dist/tex/latex/base/utf8.def)
(/usr/share/texlive/texmf-dist/tex/latex/base/utf8.def)
Overfull \hbox (19.78088pt too wide) in paragraph at lines 2069--2069
 []\T1/zi4/m/n/10 querxc(qword, download = FALSE, X = NULL, file.name = c("Genu
s", "Specific_epithet"),[] 
[37] [38] (/usr/share/texlive/texmf-dist/tex/latex/base/utf8.def)
(/usr/share/texlive/texmf-dist/tex/latex/base/utf8.def) [39]
Overfull \hbox (9.78088pt too wide) in paragraph at lines 2171--2171
 [] \T1/zi4/m/n/10 osci = FALSE, pal = reverse.gray.colors.2, ovlp = 70, auto.n
ext = FALSE, pause = 1,[] 
[40]
Overfull \hbox (12.28708pt too wide) in paragraph at lines 2237--2244
\T1/ptm/m/n/10 re-verse.gray.colors.2, re-verse.heat.colors, re-verse.terrain.c
olors, re-verse.topo.colors, re-verse.cm.colors,
[41] (/usr/share/texlive/texmf-dist/tex/latex/base/utf8.def) [42]
(/usr/share/texlive/texmf-dist/tex/latex/base/utf8.def) [43]
(/usr/share/texlive/texmf-dist/tex/latex/base/utf8.def) [44]
Overfull \hbox (3.9582pt too wide) in paragraph at lines 2508--2511
[][][]\T1/zi4/m/n/10 trackfreqs[][][] \T1/ptm/m/n/10 for cre-at-ing spec-tro-gr
ams to vi-su-al-ize fre-quency mea-sure-ments by [][]\T1/zi4/m/n/10 specan[][][
]\T1/ptm/m/n/10 , [][]\T1/zi4/m/n/10 specreator[][][]
[45] (/usr/share/texlive/texmf-dist/tex/latex/base/utf8.def)
Overfull \hbox (31.78088pt too wide) in paragraph at lines 2557--2557
 []\T1/zi4/m/n/10 specan(X, bp = c(0,22), wl = 512, threshold = 15, parallel = 
1, fast = TRUE, path = NULL,[] 
[46] (/usr/share/texlive/texmf-dist/tex/latex/psnfss/ts1ptm.fd) [47]
(/usr/share/texlive/texmf-dist/tex/latex/base/utf8.def) [48] [49] [50]
(/usr/share/texlive/texmf-dist/tex/latex/base/utf8.def)
Overfull \hbox (9.78088pt too wide) in paragraph at lines 2812--2812
 []  \T1/zi4/m/n/10 c(0, 0, 0, 0), picsize = 1, res = 100, cexlab = 1, title = 
TRUE, propwidth = FALSE,[] 
[51] [52] [53] (/usr/share/texlive/texmf-dist/tex/latex/base/utf8.def) [54]
Overfull \hbox (2.06717pt too wide) in paragraph at lines 3062--3064
[][][]\T1/zi4/m/n/10 snrspecs[][][]\T1/ptm/m/n/10 : Cre-ate spec-tro-grams to v
i-su-al-ize mar-gins over which noise will be mea-sured by sig2noise 
[55] (/usr/share/texlive/texmf-dist/tex/latex/base/utf8.def)
(/usr/share/texlive/texmf-dist/tex/latex/base/utf8.def) [56]
(/usr/share/texlive/texmf-dist/tex/latex/base/utf8.def) [57] [58]
(/usr/share/texlive/texmf-dist/tex/latex/base/utf8.def) [59]
Overfull \hbox (29.78088pt too wide) in paragraph at lines 3328--3328
 []\T1/zi4/m/n/10 xcorr.graph(X, cex.cor = 1, cex.lab = 1, cex.axis.lab = 1, re
l.cex = FALSE, labs = NULL)[] 
[60]
Overfull \hbox (17.88095pt too wide) in paragraph at lines 3382--3382
 [] \T1/zi4/m/n/9 xcor<-xcorr(X = manualoc.df[1:5,], wl =300, frange= c(2, 9), 
ovlp=90, dens=0.8, wn=\TS1/zi4/m/n/9 '\T1/zi4/m/n/9 hanning\TS1/zi4/m/n/9 '\T1/
zi4/m/n/9 ,[] 
No file Rd2.ind.
[61] (./Rd2.aux)

Package rerunfilecheck Warning: File `Rd2.out' has changed.
(rerunfilecheck)                Rerun to get outlines right
(rerunfilecheck)                or use package `bookmark'.

 )
(see the transcript file for additional information)pdfTeX warning (dest): name
{Rfn.corMatch} has been referenced but does not exist, replaced by a fixed one

pdfTeX warning (dest): name{Rfn.cor} has been referenced but does not exist, re
placed by a fixed one

pdfTeX warning (dest): name{Rfn.makeTemplate} has been referenced but does not 
exist, replaced by a fixed one

pdfTeX warning (dest): name{Rfn.dfreq} has been referenced but does not exist, 
replaced by a fixed one

pdfTeX warning (dest): name{Rfn.fund} has been referenced but does not exist, r
eplaced by a fixed one

pdfTeX warning (dest): name{Rfn.fpeaks} has been referenced but does not exist,
 replaced by a fixed one

pdfTeX warning (dest): name{Rfn.specprop} has been referenced but does not exis
t, replaced by a fixed one

pdfTeX warning (dest): name{Rfn.readMP3} has been referenced but does not exist
, replaced by a fixed one

pdfTeX warning (dest): name{Rfn.normalize} has been referenced but does not exi
st, replaced by a fixed one

pdfTeX warning (dest): name{Rfn.approx} has been referenced but does not exist,
 replaced by a fixed one

pdfTeX warning (dest): name{Rfn.par} has been referenced but does not exist, re
placed by a fixed one

pdfTeX warning (dest): name{Rfn.ftwindow} has been referenced but does not exis
t, replaced by a fixed one

pdfTeX warning (dest): name{Rfn.dtwDist} has been referenced but does not exist
, replaced by a fixed one

pdfTeX warning (dest): name{Rfn.cmdscale} has been referenced but does not exis
t, replaced by a fixed one

pdfTeX warning (dest): name{Rfn.princomp} has been referenced but does not exis
t, replaced by a fixed one

pdfTeX warning (dest): name{Rfn.dtw} has been referenced but does not exist, re
placed by a fixed one

pdfTeX warning (dest): name{Rfn.timer} has been referenced but does not exist, 
replaced by a fixed one

pdfTeX warning (dest): name{Rfn.spectro} has been referenced but does not exist
, replaced by a fixed one

{/usr/share/texlive/texmf-dist/fonts/enc/dvips/inconsolata/i4-ts1.enc}{/usr/sha
re/texlive/texmf-dist/fonts/enc/dvips/base/8r.enc}{/usr/share/texlive/texmf-dis
t/fonts/enc/dvips/inconsolata/i4-t1-0.enc}</usr/share/texlive/texmf-dist/fonts/
type1/public/inconsolata/Inconsolata-zi4r.pfb></usr/share/texlive/texmf-dist/fo
nts/type1/urw/helvetic/uhvr8a.pfb></usr/share/texlive/texmf-dist/fonts/type1/ur
w/times/utmb8a.pfb></usr/share/texlive/texmf-dist/fonts/type1/urw/times/utmr8a.
pfb></usr/share/texlive/texmf-dist/fonts/type1/urw/times/utmr8a.pfb></usr/share
/texlive/texmf-dist/fonts/type1/urw/times/utmri8a.pfb>
Output written on Rd2.pdf (61 pages, 213469 bytes).
Transcript written on Rd2.log.
This is makeindex, version 2.15 [TeX Live 2013] (kpathsea + Thai support).
Scanning input file Rd2.idx....done (317 entries accepted, 0 rejected).
Sorting entries.....done (2820 comparisons).
Generating output file Rd2.ind....done (251 lines written, 4 warnings).
Output written in Rd2.ind.
Transcript written in Rd2.ilg.
This is pdfTeX, Version 3.1415926-2.5-1.40.14 (TeX Live 2013/Debian)
 restricted \write18 enabled.
entering extended mode
LaTeX2e <2011/06/27>
Babel <3.9h> and hyphenation patterns for 2 languages loaded.
(./Rd2.tex
(/usr/share/texlive/texmf-dist/tex/latex/base/book.cls
Document Class: book 2007/10/19 v1.4h Standard LaTeX document class
(/usr/share/texlive/texmf-dist/tex/latex/base/bk10.clo))
(/usr/share/R/share/texmf/tex/latex/Rd.sty
(/usr/share/texlive/texmf-dist/tex/latex/base/ifthen.sty)
(/usr/share/texlive/texmf-dist/tex/latex/tools/longtable.sty)
(/usr/share/texlive/texmf-dist/tex/latex/tools/bm.sty)
(/usr/share/texlive/texmf-dist/tex/latex/base/alltt.sty)
(/usr/share/texlive/texmf-dist/tex/latex/tools/verbatim.sty)
(/usr/share/texlive/texmf-dist/tex/latex/url/url.sty)
(/usr/share/texlive/texmf-dist/tex/latex/base/textcomp.sty
(/usr/share/texlive/texmf-dist/tex/latex/base/ts1enc.def))
(/usr/share/texlive/texmf-dist/tex/latex/base/fontenc.sty
(/usr/share/texlive/texmf-dist/tex/latex/base/t1enc.def))
(/usr/share/texlive/texmf-dist/tex/latex/psnfss/times.sty)
(/usr/share/texlive/texmf-dist/tex/latex/inconsolata/zi4.sty
(/usr/share/texlive/texmf-dist/tex/latex/graphics/keyval.sty))
(/usr/share/texlive/texmf-dist/tex/latex/graphics/color.sty
(/usr/share/texlive/texmf-dist/tex/latex/latexconfig/color.cfg)
(/usr/share/texlive/texmf-dist/tex/latex/pdftex-def/pdftex.def
(/usr/share/texlive/texmf-dist/tex/generic/oberdiek/infwarerr.sty)
(/usr/share/texlive/texmf-dist/tex/generic/oberdiek/ltxcmds.sty)))
(/usr/share/texlive/texmf-dist/tex/latex/hyperref/hyperref.sty
(/usr/share/texlive/texmf-dist/tex/generic/oberdiek/hobsub-hyperref.sty
(/usr/share/texlive/texmf-dist/tex/generic/oberdiek/hobsub-generic.sty))
(/usr/share/texlive/texmf-dist/tex/generic/ifxetex/ifxetex.sty)
(/usr/share/texlive/texmf-dist/tex/latex/oberdiek/auxhook.sty)
(/usr/share/texlive/texmf-dist/tex/latex/oberdiek/kvoptions.sty)
(/usr/share/texlive/texmf-dist/tex/latex/hyperref/pd1enc.def)
(/usr/share/texlive/texmf-dist/tex/latex/latexconfig/hyperref.cfg))

Package hyperref Message: Driver (autodetected): hpdftex.

(/usr/share/texlive/texmf-dist/tex/latex/hyperref/hpdftex.def
(/usr/share/texlive/texmf-dist/tex/latex/oberdiek/rerunfilecheck.sty))

Package hyperref Warning: Option `hyperindex' has already been used,
(hyperref)                setting the option has no effect on input line 366.


Package hyperref Warning: Option `pagebackref' has already been used,
(hyperref)                setting the option has no effect on input line 366.

) (/usr/share/texlive/texmf-dist/tex/latex/base/makeidx.sty)
(/usr/share/texlive/texmf-dist/tex/latex/base/inputenc.sty
(/usr/share/texlive/texmf-dist/tex/latex/base/utf8.def
(/usr/share/texlive/texmf-dist/tex/latex/base/t1enc.dfu)
(/usr/share/texlive/texmf-dist/tex/latex/base/ot1enc.dfu)
(/usr/share/texlive/texmf-dist/tex/latex/base/omsenc.dfu)
(/usr/share/texlive/texmf-dist/tex/latex/base/ts1enc.dfu))
(/usr/share/texlive/texmf-dist/tex/latex/base/latin1.def))
Writing index file Rd2.idx
(./Rd2.aux) (/usr/share/texlive/texmf-dist/tex/latex/base/ts1cmr.fd)
(/usr/share/texlive/texmf-dist/tex/latex/psnfss/t1ptm.fd)
(/usr/share/texlive/texmf-dist/tex/context/base/supp-pdf.mkii
[Loading MPS to PDF converter (version 2006.09.02).]
) (/usr/share/texlive/texmf-dist/tex/latex/hyperref/nameref.sty
(/usr/share/texlive/texmf-dist/tex/generic/oberdiek/gettitlestring.sty))
(./Rd2.out) (./Rd2.out)
(/usr/share/texlive/texmf-dist/tex/latex/inconsolata/t1zi4.fd)
(/usr/share/texlive/texmf-dist/tex/latex/psnfss/t1phv.fd) (./Rd2.toc [1{/var/li
b/texmf/fonts/map/pdftex/updmap/pdftex.map}])
(/usr/share/texlive/texmf-dist/tex/latex/base/utf8.def)
Overfull \hbox (19.78088pt too wide) in paragraph at lines 51--51
 []  \T1/zi4/m/n/10 NULL, redo = FALSE, img = TRUE, it = "jpeg", set = FALSE, f
list = NULL, smadj = NULL,[] 
[2] [3]
Overfull \hbox (0.55826pt too wide) in paragraph at lines 133--136
\T1/ptm/m/n/10 (envt), band-pass (bp), power (pw), smooth (smo, ei-ther mm-soot
h[1] or ss-mooth),
[4] (/usr/share/texlive/texmf-dist/tex/latex/base/utf8.def) [5]
(/usr/share/texlive/texmf-dist/tex/latex/base/utf8.def) [6]
(/usr/share/texlive/texmf-dist/tex/latex/base/utf8.def) [7]
Overfull \hbox (30.78088pt too wide) in paragraph at lines 350--350
 []\T1/zi4/m/n/10 compare.methods(X = NULL, flim = c(0, 22), bp = c(0, 22), mar
 = 0.1, wl = 512, ovlp = 90,[] 

Overfull \hbox (13.78088pt too wide) in paragraph at lines 352--352
 []\T1/zi4/m/n/10 "dfDTW", "ffDTW", "SP"),it = "jpeg", parallel = 1, path = NUL
L, sp = NULL, pb = TRUE)[] 
[8] [9] (/usr/share/texlive/texmf-dist/tex/latex/base/utf8.def)
Overfull \hbox (22.78088pt too wide) in paragraph at lines 482--482
 []\T1/zi4/m/n/10 coor.graph(X, only.coor = FALSE, ovlp = TRUE, xl = 1, res= 80
, it = "jpeg", img = TRUE,[] 
[10] (/usr/share/texlive/texmf-dist/tex/latex/inconsolata/ts1zi4.fd)
(/usr/share/texlive/texmf-dist/tex/latex/base/utf8.def) [11]
Overfull \hbox (18.50716pt too wide) in paragraph at lines 586--593
[]\T1/ptm/m/n/10 This func-tion cal-cu-lates the prob-a-bil-ity of find-ing and
 equal or lower num-ber (or higher if les.than.chance
[12] (/usr/share/texlive/texmf-dist/tex/latex/base/utf8.def)
(/usr/share/texlive/texmf-dist/tex/latex/base/utf8.def) [13]
Overfull \hbox (9.78088pt too wide) in paragraph at lines 662--662
 []  \T1/zi4/m/n/10 c(0, 0, 0, 0), picsize = 1, res = 100, cexlab = 1, title = 
TRUE, propwidth = FALSE,[] 
[14] [15] (/usr/share/texlive/texmf-dist/tex/latex/base/utf8.def) [16]
Overfull \hbox (9.78088pt too wide) in paragraph at lines 829--829
 []  \T1/zi4/m/n/10 c(0, 0, 0, 0), picsize = 1, res = 100, cexlab = 1, title = 
TRUE, propwidth = FALSE,[] 
[17] [18] (/usr/share/texlive/texmf-dist/tex/latex/base/utf8.def)
Overfull \hbox (9.78088pt too wide) in paragraph at lines 997--997
 []  \T1/zi4/m/n/10 c(0, 0, 0, 0), picsize = 1, res = 100, cexlab = 1, title = 
TRUE, propwidth = FALSE,[] 
[19] [20] [21] (/usr/share/texlive/texmf-dist/tex/latex/base/utf8.def)
Overfull \hbox (9.78088pt too wide) in paragraph at lines 1166--1166
 []  \T1/zi4/m/n/10 c(0, 0, 0, 0), picsize = 1, res = 100, cexlab = 1, title = 
TRUE, propwidth = FALSE,[] 
[22] [23]
Overfull \hbox (19.68097pt too wide) in paragraph at lines 1316--1316
 []\T1/zi4/m/n/9 Note that fundamental frequency is not accurate for noisy sign
als, works better with pure tones[] 
(/usr/share/texlive/texmf-dist/tex/latex/base/utf8.def) [24] [25]
Overfull \hbox (0.78094pt too wide) in paragraph at lines 1383--1383
 []\T1/zi4/m/n/9 specreator(manualoc.df, flim = c(0, 11), inner.mar = c(4,4.5,2
,1), outer.mar = c(4,2,2,1),[] 

Overfull \hbox (1.68097pt too wide) in paragraph at lines 1390--1390
 []\T1/zi4/m/n/9 #this data frame does not have the selections corresponding to
 the images that were deleted[] 

Overfull \hbox (27.78098pt too wide) in paragraph at lines 1396--1396
 []\T1/zi4/m/n/9 #go to the working directory and delete lspec images (the ones
 with several rows of spectrograms)[] 
(/usr/share/texlive/texmf-dist/tex/latex/base/utf8.def)
Overfull \hbox (3.78088pt too wide) in paragraph at lines 1413--1413
 []\T1/zi4/m/n/10 imp.raven(path = NULL, sound.file.col = NULL, all.data = FALS
E, recursive = FALSE)[] 
[26] [27] (/usr/share/texlive/texmf-dist/tex/latex/base/utf8.def) [28]
(/usr/share/texlive/texmf-dist/tex/latex/base/utf8.def) [29] [30]
Overfull \hbox (7.98099pt too wide) in paragraph at lines 1653--1653
 []\T1/zi4/m/n/9 lspec(sxrow = 2, rows = 8, X = manualoc.df, pal = reverse.heat
.colors, redo = TRUE, wl = 300)[] 
(/usr/share/texlive/texmf-dist/tex/latex/base/utf8.def) [31]
(/usr/share/texlive/texmf-dist/tex/latex/base/utf8.def) [32]
Overfull \hbox (12.28708pt too wide) in paragraph at lines 1811--1819
\T1/ptm/m/n/10 re-verse.gray.colors.2, re-verse.heat.colors, re-verse.terrain.c
olors, re-verse.topo.colors, re-verse.cm.colors,
[33] (/usr/share/texlive/texmf-dist/tex/latex/base/utf8.def) [34]
(/usr/share/texlive/texmf-dist/tex/latex/base/utf8.def) [35]
(/usr/share/texlive/texmf-dist/tex/latex/base/utf8.def)
(/usr/share/texlive/texmf-dist/tex/latex/base/utf8.def) [36]
(/usr/share/texlive/texmf-dist/tex/latex/base/utf8.def)
(/usr/share/texlive/texmf-dist/tex/latex/base/utf8.def) [37]
(/usr/share/texlive/texmf-dist/tex/latex/base/utf8.def)
Overfull \hbox (19.78088pt too wide) in paragraph at lines 2069--2069
 []\T1/zi4/m/n/10 querxc(qword, download = FALSE, X = NULL, file.name = c("Genu
s", "Specific_epithet"),[] 
[38] [39] (/usr/share/texlive/texmf-dist/tex/latex/base/utf8.def)
(/usr/share/texlive/texmf-dist/tex/latex/base/utf8.def)
Overfull \hbox (9.78088pt too wide) in paragraph at lines 2171--2171
 [] \T1/zi4/m/n/10 osci = FALSE, pal = reverse.gray.colors.2, ovlp = 70, auto.n
ext = FALSE, pause = 1,[] 
[40]
Overfull \hbox (12.28708pt too wide) in paragraph at lines 2237--2244
\T1/ptm/m/n/10 re-verse.gray.colors.2, re-verse.heat.colors, re-verse.terrain.c
olors, re-verse.topo.colors, re-verse.cm.colors,
[41] (/usr/share/texlive/texmf-dist/tex/latex/base/utf8.def) [42] [43]
(/usr/share/texlive/texmf-dist/tex/latex/base/utf8.def)
(/usr/share/texlive/texmf-dist/tex/latex/base/utf8.def) [44] [45]
Overfull \hbox (3.9582pt too wide) in paragraph at lines 2508--2511
[][][]\T1/zi4/m/n/10 trackfreqs[][][] \T1/ptm/m/n/10 for cre-at-ing spec-tro-gr
ams to vi-su-al-ize fre-quency mea-sure-ments by [][]\T1/zi4/m/n/10 specan[][][
]\T1/ptm/m/n/10 , [][]\T1/zi4/m/n/10 specreator[][][]
[46] (/usr/share/texlive/texmf-dist/tex/latex/base/utf8.def)
Overfull \hbox (31.78088pt too wide) in paragraph at lines 2557--2557
 []\T1/zi4/m/n/10 specan(X, bp = c(0,22), wl = 512, threshold = 15, parallel = 
1, fast = TRUE, path = NULL,[] 
(/usr/share/texlive/texmf-dist/tex/latex/psnfss/ts1ptm.fd) [47] [48]
(/usr/share/texlive/texmf-dist/tex/latex/base/utf8.def) [49] [50]
(/usr/share/texlive/texmf-dist/tex/latex/base/utf8.def)
Overfull \hbox (9.78088pt too wide) in paragraph at lines 2812--2812
 []  \T1/zi4/m/n/10 c(0, 0, 0, 0), picsize = 1, res = 100, cexlab = 1, title = 
TRUE, propwidth = FALSE,[] 
[51] [52] [53] (/usr/share/texlive/texmf-dist/tex/latex/base/utf8.def) [54]
Overfull \hbox (2.06717pt too wide) in paragraph at lines 3062--3064
[][][]\T1/zi4/m/n/10 snrspecs[][][]\T1/ptm/m/n/10 : Cre-ate spec-tro-grams to v
i-su-al-ize mar-gins over which noise will be mea-sured by sig2noise 
[55] (/usr/share/texlive/texmf-dist/tex/latex/base/utf8.def) [56]
(/usr/share/texlive/texmf-dist/tex/latex/base/utf8.def) [57]
(/usr/share/texlive/texmf-dist/tex/latex/base/utf8.def) [58] [59]
(/usr/share/texlive/texmf-dist/tex/latex/base/utf8.def)
Overfull \hbox (29.78088pt too wide) in paragraph at lines 3328--3328
 []\T1/zi4/m/n/10 xcorr.graph(X, cex.cor = 1, cex.lab = 1, cex.axis.lab = 1, re
l.cex = FALSE, labs = NULL)[] 
[60]
Overfull \hbox (17.88095pt too wide) in paragraph at lines 3382--3382
 [] \T1/zi4/m/n/9 xcor<-xcorr(X = manualoc.df[1:5,], wl =300, frange= c(2, 9), 
ovlp=90, dens=0.8, wn=\TS1/zi4/m/n/9 '\T1/zi4/m/n/9 hanning\TS1/zi4/m/n/9 '\T1/
zi4/m/n/9 ,[] 
(./Rd2.ind [61]

LaTeX Font Warning: Font shape `T1/zi4/m/it' undefined
(Font)              using `T1/zi4/m/n' instead on input line 237.

[62] [63]) (./Rd2.aux)

Package rerunfilecheck Warning: File `Rd2.out' has changed.
(rerunfilecheck)                Rerun to get outlines right
(rerunfilecheck)                or use package `bookmark'.


LaTeX Font Warning: Some font shapes were not available, defaults substituted.

 )
(see the transcript file for additional information)pdfTeX warning (dest): name
{Rfn.corMatch} has been referenced but does not exist, replaced by a fixed one

pdfTeX warning (dest): name{Rfn.cor} has been referenced but does not exist, re
placed by a fixed one

pdfTeX warning (dest): name{Rfn.makeTemplate} has been referenced but does not 
exist, replaced by a fixed one

pdfTeX warning (dest): name{Rfn.dfreq} has been referenced but does not exist, 
replaced by a fixed one

pdfTeX warning (dest): name{Rfn.fund} has been referenced but does not exist, r
eplaced by a fixed one

pdfTeX warning (dest): name{Rfn.fpeaks} has been referenced but does not exist,
 replaced by a fixed one

pdfTeX warning (dest): name{Rfn.specprop} has been referenced but does not exis
t, replaced by a fixed one

pdfTeX warning (dest): name{Rfn.readMP3} has been referenced but does not exist
, replaced by a fixed one

pdfTeX warning (dest): name{Rfn.normalize} has been referenced but does not exi
st, replaced by a fixed one

pdfTeX warning (dest): name{Rfn.approx} has been referenced but does not exist,
 replaced by a fixed one

pdfTeX warning (dest): name{Rfn.par} has been referenced but does not exist, re
placed by a fixed one

pdfTeX warning (dest): name{Rfn.ftwindow} has been referenced but does not exis
t, replaced by a fixed one

pdfTeX warning (dest): name{Rfn.dtwDist} has been referenced but does not exist
, replaced by a fixed one

pdfTeX warning (dest): name{Rfn.cmdscale} has been referenced but does not exis
t, replaced by a fixed one

pdfTeX warning (dest): name{Rfn.princomp} has been referenced but does not exis
t, replaced by a fixed one

pdfTeX warning (dest): name{Rfn.dtw} has been referenced but does not exist, re
placed by a fixed one

pdfTeX warning (dest): name{Rfn.timer} has been referenced but does not exist, 
replaced by a fixed one

pdfTeX warning (dest): name{Rfn.spectro} has been referenced but does not exist
, replaced by a fixed one

{/usr/share/texlive/texmf-dist/fonts/enc/dvips/inconsolata/i4-ts1.enc}{/usr/sha
re/texlive/texmf-dist/fonts/enc/dvips/base/8r.enc}{/usr/share/texlive/texmf-dis
t/fonts/enc/dvips/inconsolata/i4-t1-0.enc}</usr/share/texlive/texmf-dist/fonts/
type1/public/inconsolata/Inconsolata-zi4r.pfb></usr/share/texlive/texmf-dist/fo
nts/type1/public/amsfonts/cm/cmsy10.pfb></usr/share/texlive/texmf-dist/fonts/ty
pe1/urw/helvetic/uhvr8a.pfb></usr/share/texlive/texmf-dist/fonts/type1/urw/time
s/utmb8a.pfb></usr/share/texlive/texmf-dist/fonts/type1/urw/times/utmr8a.pfb></
usr/share/texlive/texmf-dist/fonts/type1/urw/times/utmr8a.pfb></usr/share/texli
ve/texmf-dist/fonts/type1/urw/times/utmri8a.pfb>
Output written on Rd2.pdf (63 pages, 235742 bytes).
Transcript written on Rd2.log.
This is makeindex, version 2.15 [TeX Live 2013] (kpathsea + Thai support).
Scanning input file Rd2.idx....done (317 entries accepted, 0 rejected).
Sorting entries.....done (2840 comparisons).
Generating output file Rd2.ind....done (249 lines written, 5 warnings).
Output written in Rd2.ind.
Transcript written in Rd2.ilg.
This is pdfTeX, Version 3.1415926-2.5-1.40.14 (TeX Live 2013/Debian)
 restricted \write18 enabled.
entering extended mode
LaTeX2e <2011/06/27>
Babel <3.9h> and hyphenation patterns for 2 languages loaded.
(./Rd2.tex
(/usr/share/texlive/texmf-dist/tex/latex/base/book.cls
Document Class: book 2007/10/19 v1.4h Standard LaTeX document class
(/usr/share/texlive/texmf-dist/tex/latex/base/bk10.clo))
(/usr/share/R/share/texmf/tex/latex/Rd.sty
(/usr/share/texlive/texmf-dist/tex/latex/base/ifthen.sty)
(/usr/share/texlive/texmf-dist/tex/latex/tools/longtable.sty)
(/usr/share/texlive/texmf-dist/tex/latex/tools/bm.sty)
(/usr/share/texlive/texmf-dist/tex/latex/base/alltt.sty)
(/usr/share/texlive/texmf-dist/tex/latex/tools/verbatim.sty)
(/usr/share/texlive/texmf-dist/tex/latex/url/url.sty)
(/usr/share/texlive/texmf-dist/tex/latex/base/textcomp.sty
(/usr/share/texlive/texmf-dist/tex/latex/base/ts1enc.def))
(/usr/share/texlive/texmf-dist/tex/latex/base/fontenc.sty
(/usr/share/texlive/texmf-dist/tex/latex/base/t1enc.def))
(/usr/share/texlive/texmf-dist/tex/latex/psnfss/times.sty)
(/usr/share/texlive/texmf-dist/tex/latex/inconsolata/zi4.sty
(/usr/share/texlive/texmf-dist/tex/latex/graphics/keyval.sty))
(/usr/share/texlive/texmf-dist/tex/latex/graphics/color.sty
(/usr/share/texlive/texmf-dist/tex/latex/latexconfig/color.cfg)
(/usr/share/texlive/texmf-dist/tex/latex/pdftex-def/pdftex.def
(/usr/share/texlive/texmf-dist/tex/generic/oberdiek/infwarerr.sty)
(/usr/share/texlive/texmf-dist/tex/generic/oberdiek/ltxcmds.sty)))
(/usr/share/texlive/texmf-dist/tex/latex/hyperref/hyperref.sty
(/usr/share/texlive/texmf-dist/tex/generic/oberdiek/hobsub-hyperref.sty
(/usr/share/texlive/texmf-dist/tex/generic/oberdiek/hobsub-generic.sty))
(/usr/share/texlive/texmf-dist/tex/generic/ifxetex/ifxetex.sty)
(/usr/share/texlive/texmf-dist/tex/latex/oberdiek/auxhook.sty)
(/usr/share/texlive/texmf-dist/tex/latex/oberdiek/kvoptions.sty)
(/usr/share/texlive/texmf-dist/tex/latex/hyperref/pd1enc.def)
(/usr/share/texlive/texmf-dist/tex/latex/latexconfig/hyperref.cfg))

Package hyperref Message: Driver (autodetected): hpdftex.

(/usr/share/texlive/texmf-dist/tex/latex/hyperref/hpdftex.def
(/usr/share/texlive/texmf-dist/tex/latex/oberdiek/rerunfilecheck.sty))

Package hyperref Warning: Option `hyperindex' has already been used,
(hyperref)                setting the option has no effect on input line 366.


Package hyperref Warning: Option `pagebackref' has already been used,
(hyperref)                setting the option has no effect on input line 366.

) (/usr/share/texlive/texmf-dist/tex/latex/base/makeidx.sty)
(/usr/share/texlive/texmf-dist/tex/latex/base/inputenc.sty
(/usr/share/texlive/texmf-dist/tex/latex/base/utf8.def
(/usr/share/texlive/texmf-dist/tex/latex/base/t1enc.dfu)
(/usr/share/texlive/texmf-dist/tex/latex/base/ot1enc.dfu)
(/usr/share/texlive/texmf-dist/tex/latex/base/omsenc.dfu)
(/usr/share/texlive/texmf-dist/tex/latex/base/ts1enc.dfu))
(/usr/share/texlive/texmf-dist/tex/latex/base/latin1.def))
Writing index file Rd2.idx
(./Rd2.aux) (/usr/share/texlive/texmf-dist/tex/latex/base/ts1cmr.fd)
(/usr/share/texlive/texmf-dist/tex/latex/psnfss/t1ptm.fd)
(/usr/share/texlive/texmf-dist/tex/context/base/supp-pdf.mkii
[Loading MPS to PDF converter (version 2006.09.02).]
) (/usr/share/texlive/texmf-dist/tex/latex/hyperref/nameref.sty
(/usr/share/texlive/texmf-dist/tex/generic/oberdiek/gettitlestring.sty))
(./Rd2.out) (./Rd2.out)
(/usr/share/texlive/texmf-dist/tex/latex/inconsolata/t1zi4.fd)
(/usr/share/texlive/texmf-dist/tex/latex/psnfss/t1phv.fd) (./Rd2.toc [1{/var/li
b/texmf/fonts/map/pdftex/updmap/pdftex.map}])
(/usr/share/texlive/texmf-dist/tex/latex/base/utf8.def)
Overfull \hbox (19.78088pt too wide) in paragraph at lines 51--51
 []  \T1/zi4/m/n/10 NULL, redo = FALSE, img = TRUE, it = "jpeg", set = FALSE, f
list = NULL, smadj = NULL,[] 
[2] [3]
Overfull \hbox (0.55826pt too wide) in paragraph at lines 133--136
\T1/ptm/m/n/10 (envt), band-pass (bp), power (pw), smooth (smo, ei-ther mm-soot
h[1] or ss-mooth),
[4] (/usr/share/texlive/texmf-dist/tex/latex/base/utf8.def) [5]
(/usr/share/texlive/texmf-dist/tex/latex/base/utf8.def) [6]
(/usr/share/texlive/texmf-dist/tex/latex/base/utf8.def) [7]
Overfull \hbox (30.78088pt too wide) in paragraph at lines 350--350
 []\T1/zi4/m/n/10 compare.methods(X = NULL, flim = c(0, 22), bp = c(0, 22), mar
 = 0.1, wl = 512, ovlp = 90,[] 

Overfull \hbox (13.78088pt too wide) in paragraph at lines 352--352
 []\T1/zi4/m/n/10 "dfDTW", "ffDTW", "SP"),it = "jpeg", parallel = 1, path = NUL
L, sp = NULL, pb = TRUE)[] 
[8] [9] (/usr/share/texlive/texmf-dist/tex/latex/base/utf8.def)
Overfull \hbox (22.78088pt too wide) in paragraph at lines 482--482
 []\T1/zi4/m/n/10 coor.graph(X, only.coor = FALSE, ovlp = TRUE, xl = 1, res= 80
, it = "jpeg", img = TRUE,[] 
[10] (/usr/share/texlive/texmf-dist/tex/latex/inconsolata/ts1zi4.fd)
(/usr/share/texlive/texmf-dist/tex/latex/base/utf8.def) [11]
Overfull \hbox (18.50716pt too wide) in paragraph at lines 586--593
[]\T1/ptm/m/n/10 This func-tion cal-cu-lates the prob-a-bil-ity of find-ing and
 equal or lower num-ber (or higher if les.than.chance
[12] (/usr/share/texlive/texmf-dist/tex/latex/base/utf8.def)
(/usr/share/texlive/texmf-dist/tex/latex/base/utf8.def) [13]
Overfull \hbox (9.78088pt too wide) in paragraph at lines 662--662
 []  \T1/zi4/m/n/10 c(0, 0, 0, 0), picsize = 1, res = 100, cexlab = 1, title = 
TRUE, propwidth = FALSE,[] 
[14] [15] (/usr/share/texlive/texmf-dist/tex/latex/base/utf8.def) [16]
Overfull \hbox (9.78088pt too wide) in paragraph at lines 829--829
 []  \T1/zi4/m/n/10 c(0, 0, 0, 0), picsize = 1, res = 100, cexlab = 1, title = 
TRUE, propwidth = FALSE,[] 
[17] [18] (/usr/share/texlive/texmf-dist/tex/latex/base/utf8.def)
Overfull \hbox (9.78088pt too wide) in paragraph at lines 997--997
 []  \T1/zi4/m/n/10 c(0, 0, 0, 0), picsize = 1, res = 100, cexlab = 1, title = 
TRUE, propwidth = FALSE,[] 
[19] [20] [21] (/usr/share/texlive/texmf-dist/tex/latex/base/utf8.def)
Overfull \hbox (9.78088pt too wide) in paragraph at lines 1166--1166
 []  \T1/zi4/m/n/10 c(0, 0, 0, 0), picsize = 1, res = 100, cexlab = 1, title = 
TRUE, propwidth = FALSE,[] 
[22] [23]
Overfull \hbox (19.68097pt too wide) in paragraph at lines 1316--1316
 []\T1/zi4/m/n/9 Note that fundamental frequency is not accurate for noisy sign
als, works better with pure tones[] 
(/usr/share/texlive/texmf-dist/tex/latex/base/utf8.def) [24] [25]
Overfull \hbox (0.78094pt too wide) in paragraph at lines 1383--1383
 []\T1/zi4/m/n/9 specreator(manualoc.df, flim = c(0, 11), inner.mar = c(4,4.5,2
,1), outer.mar = c(4,2,2,1),[] 

Overfull \hbox (1.68097pt too wide) in paragraph at lines 1390--1390
 []\T1/zi4/m/n/9 #this data frame does not have the selections corresponding to
 the images that were deleted[] 

Overfull \hbox (27.78098pt too wide) in paragraph at lines 1396--1396
 []\T1/zi4/m/n/9 #go to the working directory and delete lspec images (the ones
 with several rows of spectrograms)[] 
(/usr/share/texlive/texmf-dist/tex/latex/base/utf8.def)
Overfull \hbox (3.78088pt too wide) in paragraph at lines 1413--1413
 []\T1/zi4/m/n/10 imp.raven(path = NULL, sound.file.col = NULL, all.data = FALS
E, recursive = FALSE)[] 
[26] [27] (/usr/share/texlive/texmf-dist/tex/latex/base/utf8.def) [28]
(/usr/share/texlive/texmf-dist/tex/latex/base/utf8.def) [29] [30]
Overfull \hbox (7.98099pt too wide) in paragraph at lines 1653--1653
 []\T1/zi4/m/n/9 lspec(sxrow = 2, rows = 8, X = manualoc.df, pal = reverse.heat
.colors, redo = TRUE, wl = 300)[] 
(/usr/share/texlive/texmf-dist/tex/latex/base/utf8.def) [31]
(/usr/share/texlive/texmf-dist/tex/latex/base/utf8.def) [32]
Overfull \hbox (12.28708pt too wide) in paragraph at lines 1811--1819
\T1/ptm/m/n/10 re-verse.gray.colors.2, re-verse.heat.colors, re-verse.terrain.c
olors, re-verse.topo.colors, re-verse.cm.colors,
[33] (/usr/share/texlive/texmf-dist/tex/latex/base/utf8.def) [34]
(/usr/share/texlive/texmf-dist/tex/latex/base/utf8.def) [35]
(/usr/share/texlive/texmf-dist/tex/latex/base/utf8.def)
(/usr/share/texlive/texmf-dist/tex/latex/base/utf8.def) [36]
(/usr/share/texlive/texmf-dist/tex/latex/base/utf8.def)
(/usr/share/texlive/texmf-dist/tex/latex/base/utf8.def) [37]
(/usr/share/texlive/texmf-dist/tex/latex/base/utf8.def)
Overfull \hbox (19.78088pt too wide) in paragraph at lines 2069--2069
 []\T1/zi4/m/n/10 querxc(qword, download = FALSE, X = NULL, file.name = c("Genu
s", "Specific_epithet"),[] 
[38] [39] (/usr/share/texlive/texmf-dist/tex/latex/base/utf8.def)
(/usr/share/texlive/texmf-dist/tex/latex/base/utf8.def)
Overfull \hbox (9.78088pt too wide) in paragraph at lines 2171--2171
 [] \T1/zi4/m/n/10 osci = FALSE, pal = reverse.gray.colors.2, ovlp = 70, auto.n
ext = FALSE, pause = 1,[] 
[40]
Overfull \hbox (12.28708pt too wide) in paragraph at lines 2237--2244
\T1/ptm/m/n/10 re-verse.gray.colors.2, re-verse.heat.colors, re-verse.terrain.c
olors, re-verse.topo.colors, re-verse.cm.colors,
[41] (/usr/share/texlive/texmf-dist/tex/latex/base/utf8.def) [42] [43]
(/usr/share/texlive/texmf-dist/tex/latex/base/utf8.def)
(/usr/share/texlive/texmf-dist/tex/latex/base/utf8.def) [44] [45]
Overfull \hbox (3.9582pt too wide) in paragraph at lines 2508--2511
[][][]\T1/zi4/m/n/10 trackfreqs[][][] \T1/ptm/m/n/10 for cre-at-ing spec-tro-gr
ams to vi-su-al-ize fre-quency mea-sure-ments by [][]\T1/zi4/m/n/10 specan[][][
]\T1/ptm/m/n/10 , [][]\T1/zi4/m/n/10 specreator[][][]
[46] (/usr/share/texlive/texmf-dist/tex/latex/base/utf8.def)
Overfull \hbox (31.78088pt too wide) in paragraph at lines 2557--2557
 []\T1/zi4/m/n/10 specan(X, bp = c(0,22), wl = 512, threshold = 15, parallel = 
1, fast = TRUE, path = NULL,[] 
(/usr/share/texlive/texmf-dist/tex/latex/psnfss/ts1ptm.fd) [47] [48]
(/usr/share/texlive/texmf-dist/tex/latex/base/utf8.def) [49] [50]
(/usr/share/texlive/texmf-dist/tex/latex/base/utf8.def)
Overfull \hbox (9.78088pt too wide) in paragraph at lines 2812--2812
 []  \T1/zi4/m/n/10 c(0, 0, 0, 0), picsize = 1, res = 100, cexlab = 1, title = 
TRUE, propwidth = FALSE,[] 
[51] [52] [53] (/usr/share/texlive/texmf-dist/tex/latex/base/utf8.def) [54]
Overfull \hbox (2.06717pt too wide) in paragraph at lines 3062--3064
[][][]\T1/zi4/m/n/10 snrspecs[][][]\T1/ptm/m/n/10 : Cre-ate spec-tro-grams to v
i-su-al-ize mar-gins over which noise will be mea-sured by sig2noise 
[55] (/usr/share/texlive/texmf-dist/tex/latex/base/utf8.def) [56]
(/usr/share/texlive/texmf-dist/tex/latex/base/utf8.def) [57]
(/usr/share/texlive/texmf-dist/tex/latex/base/utf8.def) [58] [59]
(/usr/share/texlive/texmf-dist/tex/latex/base/utf8.def)
Overfull \hbox (29.78088pt too wide) in paragraph at lines 3328--3328
 []\T1/zi4/m/n/10 xcorr.graph(X, cex.cor = 1, cex.lab = 1, cex.axis.lab = 1, re
l.cex = FALSE, labs = NULL)[] 
[60]
Overfull \hbox (17.88095pt too wide) in paragraph at lines 3382--3382
 [] \T1/zi4/m/n/9 xcor<-xcorr(X = manualoc.df[1:5,], wl =300, frange= c(2, 9), 
ovlp=90, dens=0.8, wn=\TS1/zi4/m/n/9 '\T1/zi4/m/n/9 hanning\TS1/zi4/m/n/9 '\T1/
zi4/m/n/9 ,[] 
(./Rd2.ind [61]

LaTeX Font Warning: Font shape `T1/zi4/m/it' undefined
(Font)              using `T1/zi4/m/n' instead on input line 235.

[62] [63]) (./Rd2.aux)

LaTeX Font Warning: Some font shapes were not available, defaults substituted.

 )
(see the transcript file for additional information)pdfTeX warning (dest): name
{Rfn.corMatch} has been referenced but does not exist, replaced by a fixed one

pdfTeX warning (dest): name{Rfn.cor} has been referenced but does not exist, re
placed by a fixed one

pdfTeX warning (dest): name{Rfn.makeTemplate} has been referenced but does not 
exist, replaced by a fixed one

pdfTeX warning (dest): name{Rfn.dfreq} has been referenced but does not exist, 
replaced by a fixed one

pdfTeX warning (dest): name{Rfn.fund} has been referenced but does not exist, r
eplaced by a fixed one

pdfTeX warning (dest): name{Rfn.fpeaks} has been referenced but does not exist,
 replaced by a fixed one

pdfTeX warning (dest): name{Rfn.specprop} has been referenced but does not exis
t, replaced by a fixed one

pdfTeX warning (dest): name{Rfn.readMP3} has been referenced but does not exist
, replaced by a fixed one

pdfTeX warning (dest): name{Rfn.normalize} has been referenced but does not exi
st, replaced by a fixed one

pdfTeX warning (dest): name{Rfn.approx} has been referenced but does not exist,
 replaced by a fixed one

pdfTeX warning (dest): name{Rfn.par} has been referenced but does not exist, re
placed by a fixed one

pdfTeX warning (dest): name{Rfn.ftwindow} has been referenced but does not exis
t, replaced by a fixed one

pdfTeX warning (dest): name{Rfn.dtwDist} has been referenced but does not exist
, replaced by a fixed one

pdfTeX warning (dest): name{Rfn.cmdscale} has been referenced but does not exis
t, replaced by a fixed one

pdfTeX warning (dest): name{Rfn.princomp} has been referenced but does not exis
t, replaced by a fixed one

pdfTeX warning (dest): name{Rfn.dtw} has been referenced but does not exist, re
placed by a fixed one

pdfTeX warning (dest): name{Rfn.timer} has been referenced but does not exist, 
replaced by a fixed one

pdfTeX warning (dest): name{Rfn.spectro} has been referenced but does not exist
, replaced by a fixed one

{/usr/share/texlive/texmf-dist/fonts/enc/dvips/inconsolata/i4-ts1.enc}{/usr/sha
re/texlive/texmf-dist/fonts/enc/dvips/base/8r.enc}{/usr/share/texlive/texmf-dis
t/fonts/enc/dvips/inconsolata/i4-t1-0.enc}</usr/share/texlive/texmf-dist/fonts/
type1/public/inconsolata/Inconsolata-zi4r.pfb></usr/share/texlive/texmf-dist/fo
nts/type1/public/amsfonts/cm/cmsy10.pfb></usr/share/texlive/texmf-dist/fonts/ty
pe1/urw/helvetic/uhvr8a.pfb></usr/share/texlive/texmf-dist/fonts/type1/urw/time
s/utmb8a.pfb></usr/share/texlive/texmf-dist/fonts/type1/urw/times/utmr8a.pfb></
usr/share/texlive/texmf-dist/fonts/type1/urw/times/utmr8a.pfb></usr/share/texli
ve/texmf-dist/fonts/type1/urw/times/utmri8a.pfb>
Output written on Rd2.pdf (63 pages, 236089 bytes).
Transcript written on Rd2.log.
Saving output to 'warbleR-manual.pdf' ...
Done
You may want to clean up by 'rm -rf /tmp/Rtmpiui0Iu/Rd2pdf58015b6deaef'
