This is pdfTeX, Version 3.141592653-2.6-1.40.25 (TeX Live 2023) (preloaded format=pdflatex 2023.5.8)  3 SEP 2023 17:59
entering extended mode
 restricted \write18 enabled.
 %&-line parsing enabled.
**\nonstopmode \input ./Rd2.tex \input ./Rd2.tex \input ./Rd2.tex \input ./Rd2.tex
(./Rd2.tex
(/home/m/.TinyTeX/texmf-dist/tex/latex/base/book.cls
Document Class: book 2022/07/02 v1.4n Standard LaTeX document class
(/home/m/.TinyTeX/texmf-dist/tex/latex/base/bk10.clo
File: bk10.clo 2022/07/02 v1.4n Standard LaTeX file (size option)
)
\c@part=\count185
\c@chapter=\count186
\c@section=\count187
\c@subsection=\count188
\c@subsubsection=\count189
\c@paragraph=\count190
\c@subparagraph=\count191
\c@figure=\count192
\c@table=\count193
\abovecaptionskip=\skip48
\belowcaptionskip=\skip49
\bibindent=\dimen140
) (/usr/share/R/share/texmf/tex/latex/Rd.sty
Package: Rd 
 (/home/m/.TinyTeX/texmf-dist/tex/latex/base/ifthen.sty
Package: ifthen 2022/04/13 v1.1d Standard LaTeX ifthen package (DPC)
) (/home/m/.TinyTeX/texmf-dist/tex/latex/tools/longtable.sty
Package: longtable 2021-09-01 v4.17 Multi-page Table package (DPC)
\LTleft=\skip50
\LTright=\skip51
\LTpre=\skip52
\LTpost=\skip53
\LTchunksize=\count194
\LTcapwidth=\dimen141
\LT@head=\box51
\LT@firsthead=\box52
\LT@foot=\box53
\LT@lastfoot=\box54
\LT@gbox=\box55
\LT@cols=\count195
\LT@rows=\count196
\c@LT@tables=\count197
\c@LT@chunks=\count198
\LT@p@ftn=\toks16
) (/home/m/.TinyTeX/texmf-dist/tex/latex/tools/bm.sty
Package: bm 2022/01/05 v1.2f Bold Symbol Support (DPC/FMi)
\symboldoperators=\mathgroup4
\symboldletters=\mathgroup5
\symboldsymbols=\mathgroup6
Package bm Info: No bold for \OMX/cmex/m/n, using \pmb.
LaTeX Font Info:    Redeclaring math alphabet \mathbf on input line 149.
) (/home/m/.TinyTeX/texmf-dist/tex/latex/base/alltt.sty
Package: alltt 2021/01/29 v2.0g defines alltt environment
) (/home/m/.TinyTeX/texmf-dist/tex/latex/tools/verbatim.sty
Package: verbatim 2022-07-02 v1.5u LaTeX2e package for verbatim enhancements
\every@verbatim=\toks17
\verbatim@line=\toks18
\verbatim@in@stream=\read2
) (/home/m/.TinyTeX/texmf-dist/tex/latex/url/url.sty
\Urlmuskip=\muskip16
Package: url 2013/09/16  ver 3.4  Verb mode for urls, etc.
) (/home/m/.TinyTeX/texmf-dist/tex/latex/base/textcomp.sty
Package: textcomp 2020/02/02 v2.0n Standard LaTeX package
)
\ldescriptionwidth=\skip54
 (/home/m/.TinyTeX/texmf-dist/tex/latex/base/fontenc.sty
Package: fontenc 2021/04/29 v2.0v Standard LaTeX package
) (/home/m/.TinyTeX/texmf-dist/tex/latex/psnfss/times.sty
Package: times 2020/03/25 PSNFSS-v9.3 (SPQR) 
) (/home/m/.TinyTeX/texmf-dist/tex/latex/inconsolata/zi4.sty
Package: zi4 2019/05/17 v1.12
 `inconsolata-zi4' v1.12, 2019/05/17 Text macros for Inconsolata (msharpe) (/home/m/.TinyTeX/texmf-dist/tex/latex/xkeyval/xkeyval.sty
Package: xkeyval 2022/06/16 v2.9 package option processing (HA)
 (/home/m/.TinyTeX/texmf-dist/tex/generic/xkeyval/xkeyval.tex (/home/m/.TinyTeX/texmf-dist/tex/generic/xkeyval/xkvutils.tex
\XKV@toks=\toks19
\XKV@tempa@toks=\toks20
 (/home/m/.TinyTeX/texmf-dist/tex/generic/xkeyval/keyval.tex))
\XKV@depth=\count199
File: xkeyval.tex 2014/12/03 v2.7a key=value parser (HA)
))
\zifour@ocount=\count266
) (/home/m/.TinyTeX/texmf-dist/tex/latex/graphics/color.sty
Package: color 2022/01/06 v1.3d Standard LaTeX Color (DPC)
 (/home/m/.TinyTeX/texmf-dist/tex/latex/graphics-cfg/color.cfg
File: color.cfg 2016/01/02 v1.6 sample color configuration
)
Package color Info: Driver file: pdftex.def on input line 149.
 (/home/m/.TinyTeX/texmf-dist/tex/latex/graphics-def/pdftex.def
File: pdftex.def 2022/09/22 v1.2b Graphics/color driver for pdftex
) (/home/m/.TinyTeX/texmf-dist/tex/latex/graphics/mathcolor.ltx)) (/home/m/.TinyTeX/texmf-dist/tex/latex/hyperref/hyperref.sty
Package: hyperref 2023-04-22 v7.00x Hypertext links for LaTeX
 (/home/m/.TinyTeX/texmf-dist/tex/generic/ltxcmds/ltxcmds.sty
Package: ltxcmds 2020-05-10 v1.25 LaTeX kernel commands for general use (HO)
) (/home/m/.TinyTeX/texmf-dist/tex/generic/iftex/iftex.sty
Package: iftex 2022/02/03 v1.0f TeX engine tests
) (/home/m/.TinyTeX/texmf-dist/tex/generic/pdftexcmds/pdftexcmds.sty
Package: pdftexcmds 2020-06-27 v0.33 Utility functions of pdfTeX for LuaTeX (HO)
 (/home/m/.TinyTeX/texmf-dist/tex/generic/infwarerr/infwarerr.sty
Package: infwarerr 2019/12/03 v1.5 Providing info/warning/error messages (HO)
)
Package pdftexcmds Info: \pdf@primitive is available.
Package pdftexcmds Info: \pdf@ifprimitive is available.
Package pdftexcmds Info: \pdfdraftmode found.
) (/home/m/.TinyTeX/texmf-dist/tex/latex/kvsetkeys/kvsetkeys.sty
Package: kvsetkeys 2022-10-05 v1.19 Key value parser (HO)
) (/home/m/.TinyTeX/texmf-dist/tex/generic/kvdefinekeys/kvdefinekeys.sty
Package: kvdefinekeys 2019-12-19 v1.6 Define keys (HO)
) (/home/m/.TinyTeX/texmf-dist/tex/generic/pdfescape/pdfescape.sty
Package: pdfescape 2019/12/09 v1.15 Implements pdfTeX's escape features (HO)
) (/home/m/.TinyTeX/texmf-dist/tex/latex/hycolor/hycolor.sty
Package: hycolor 2020-01-27 v1.10 Color options for hyperref/bookmark (HO)
) (/home/m/.TinyTeX/texmf-dist/tex/latex/letltxmacro/letltxmacro.sty
Package: letltxmacro 2019/12/03 v1.6 Let assignment for LaTeX macros (HO)
) (/home/m/.TinyTeX/texmf-dist/tex/latex/auxhook/auxhook.sty
Package: auxhook 2019-12-17 v1.6 Hooks for auxiliary files (HO)
) (/home/m/.TinyTeX/texmf-dist/tex/latex/hyperref/nameref.sty
Package: nameref 2022-05-17 v2.50 Cross-referencing by name of section
 (/home/m/.TinyTeX/texmf-dist/tex/latex/refcount/refcount.sty
Package: refcount 2019/12/15 v3.6 Data extraction from label references (HO)
) (/home/m/.TinyTeX/texmf-dist/tex/generic/gettitlestring/gettitlestring.sty
Package: gettitlestring 2019/12/15 v1.6 Cleanup title references (HO)
 (/home/m/.TinyTeX/texmf-dist/tex/latex/kvoptions/kvoptions.sty
Package: kvoptions 2022-06-15 v3.15 Key value format for package options (HO)
))
\c@section@level=\count267
) (/home/m/.TinyTeX/texmf-dist/tex/latex/etoolbox/etoolbox.sty
Package: etoolbox 2020/10/05 v2.5k e-TeX tools for LaTeX (JAW)
\etb@tempcnta=\count268
)
\@linkdim=\dimen142
\Hy@linkcounter=\count269
\Hy@pagecounter=\count270
 (/home/m/.TinyTeX/texmf-dist/tex/latex/hyperref/pd1enc.def
File: pd1enc.def 2023-04-22 v7.00x Hyperref: PDFDocEncoding definition (HO)
Now handling font encoding PD1 ...
... no UTF-8 mapping file for font encoding PD1
) (/home/m/.TinyTeX/texmf-dist/tex/generic/intcalc/intcalc.sty
Package: intcalc 2019/12/15 v1.3 Expandable calculations with integers (HO)
)
\Hy@SavedSpaceFactor=\count271
 (/home/m/.TinyTeX/texmf-dist/tex/latex/hyperref/puenc.def
File: puenc.def 2023-04-22 v7.00x Hyperref: PDF Unicode definition (HO)
Now handling font encoding PU ...
... no UTF-8 mapping file for font encoding PU
)
Package hyperref Info: Hyper figures OFF on input line 4182.
Package hyperref Info: Link nesting OFF on input line 4187.
Package hyperref Info: Hyper index ON on input line 4190.
Package hyperref Info: Plain pages OFF on input line 4197.
Package hyperref Info: Backreferencing OFF on input line 4202.
Package hyperref Info: Implicit mode ON; LaTeX internals redefined.
Package hyperref Info: Bookmarks ON on input line 4449.
\c@Hy@tempcnt=\count272
LaTeX Info: Redefining \url on input line 4787.
\XeTeXLinkMargin=\dimen143
 (/home/m/.TinyTeX/texmf-dist/tex/generic/bitset/bitset.sty
Package: bitset 2019/12/09 v1.3 Handle bit-vector datatype (HO)
 (/home/m/.TinyTeX/texmf-dist/tex/generic/bigintcalc/bigintcalc.sty
Package: bigintcalc 2019/12/15 v1.5 Expandable calculations on big integers (HO)
))
\Fld@menulength=\count273
\Field@Width=\dimen144
\Fld@charsize=\dimen145
Package hyperref Info: Hyper figures OFF on input line 6066.
Package hyperref Info: Link nesting OFF on input line 6071.
Package hyperref Info: Hyper index ON on input line 6074.
Package hyperref Info: backreferencing OFF on input line 6081.
Package hyperref Info: Link coloring OFF on input line 6086.
Package hyperref Info: Link coloring with OCG OFF on input line 6091.
Package hyperref Info: PDF/A mode OFF on input line 6096.
 (/home/m/.TinyTeX/texmf-dist/tex/latex/base/atbegshi-ltx.sty
Package: atbegshi-ltx 2021/01/10 v1.0c Emulation of the original atbegshi
package with kernel methods
)
\Hy@abspage=\count274
\c@Item=\count275
\c@Hfootnote=\count276
)
Package hyperref Info: Driver (autodetected): hpdftex.
 (/home/m/.TinyTeX/texmf-dist/tex/latex/hyperref/hpdftex.def
File: hpdftex.def 2023-04-22 v7.00x Hyperref driver for pdfTeX
 (/home/m/.TinyTeX/texmf-dist/tex/latex/base/atveryend-ltx.sty
Package: atveryend-ltx 2020/08/19 v1.0a Emulation of the original atveryend package
with kernel methods
)
\Fld@listcount=\count277
\c@bookmark@seq@number=\count278
 (/home/m/.TinyTeX/texmf-dist/tex/latex/rerunfilecheck/rerunfilecheck.sty
Package: rerunfilecheck 2022-07-10 v1.10 Rerun checks for auxiliary files (HO)
 (/home/m/.TinyTeX/texmf-dist/tex/generic/uniquecounter/uniquecounter.sty
Package: uniquecounter 2019/12/15 v1.4 Provide unlimited unique counter (HO)
)
Package uniquecounter Info: New unique counter `rerunfilecheck' on input line 285.
)
\Hy@SectionHShift=\skip55
)

Package hyperref Warning: Option `hyperindex' has already been used,
(hyperref)                setting the option has no effect on input line 377.

Package hyperref Info: Option `colorlinks' set `true' on input line 377.

Package hyperref Warning: Option `pagebackref' has already been used,
(hyperref)                setting the option has no effect on input line 377.

Package hyperref Info: Option `linktocpage' set `true' on input line 377.
Package hyperref Info: Option `plainpages' set `false' on input line 377.
) (/home/m/.TinyTeX/texmf-dist/tex/latex/base/makeidx.sty
Package: makeidx 2021/10/04 v1.0m Standard LaTeX package
) (/home/m/.TinyTeX/texmf-dist/tex/latex/base/inputenc.sty
Package: inputenc 2021/02/14 v1.3d Input encoding file
\inpenc@prehook=\toks21
\inpenc@posthook=\toks22
)
\@indexfile=\write3
\openout3 = `Rd2.idx'.


Writing index file Rd2.idx
LaTeX Font Info:    Trying to load font information for T1+ptm on input line 8.
(/home/m/.TinyTeX/texmf-dist/tex/latex/psnfss/t1ptm.fd
File: t1ptm.fd 2001/06/04 font definitions for T1/ptm.
) (/home/m/.TinyTeX/texmf-dist/tex/latex/l3backend/l3backend-pdftex.def
File: l3backend-pdftex.def 2023-04-19 L3 backend support: PDF output (pdfTeX)
\l__color_backend_stack_int=\count279
\l__pdf_internal_box=\box56
) (/tmp/RtmpSGdhYt/Rd2pdfd98a0437c45f4/Rd2.aux)
\openout1 = `Rd2.aux'.

LaTeX Font Info:    Checking defaults for OML/cmm/m/it on input line 8.
LaTeX Font Info:    ... okay on input line 8.
LaTeX Font Info:    Checking defaults for OMS/cmsy/m/n on input line 8.
LaTeX Font Info:    ... okay on input line 8.
LaTeX Font Info:    Checking defaults for OT1/cmr/m/n on input line 8.
LaTeX Font Info:    ... okay on input line 8.
LaTeX Font Info:    Checking defaults for T1/cmr/m/n on input line 8.
LaTeX Font Info:    ... okay on input line 8.
LaTeX Font Info:    Checking defaults for TS1/cmr/m/n on input line 8.
LaTeX Font Info:    ... okay on input line 8.
LaTeX Font Info:    Checking defaults for OMX/cmex/m/n on input line 8.
LaTeX Font Info:    ... okay on input line 8.
LaTeX Font Info:    Checking defaults for U/cmr/m/n on input line 8.
LaTeX Font Info:    ... okay on input line 8.
LaTeX Font Info:    Checking defaults for PD1/pdf/m/n on input line 8.
LaTeX Font Info:    ... okay on input line 8.
LaTeX Font Info:    Checking defaults for PU/pdf/m/n on input line 8.
LaTeX Font Info:    ... okay on input line 8.
Package hyperref Info: Link coloring ON on input line 8.
 (/tmp/RtmpSGdhYt/Rd2pdfd98a0437c45f4/Rd2.out) (/tmp/RtmpSGdhYt/Rd2pdfd98a0437c45f4/Rd2.out)
\@outlinefile=\write4
\openout4 = `Rd2.out'.

LaTeX Font Info:    Trying to load font information for TS1+ptm on input line 20.
 (/home/m/.TinyTeX/texmf-dist/tex/latex/psnfss/ts1ptm.fd
File: ts1ptm.fd 2001/06/04 font definitions for TS1/ptm.
)
LaTeX Font Info:    Trying to load font information for T1+zi4 on input line 29.
 (/home/m/.TinyTeX/texmf-dist/tex/latex/inconsolata/t1zi4.fd
File: t1zi4.fd 2018/01/14 T1/zi4 (Inconsolata)
)
LaTeX Font Info:    Font shape `T1/zi4/m/n' will be
(Font)              scaled to size 10.0pt on input line 29.
LaTeX Font Info:    External font `cmex10' loaded for size
(Font)              <7> on input line 29.
LaTeX Font Info:    External font `cmex10' loaded for size
(Font)              <5> on input line 29.
 [1


{/home/m/.TinyTeX/texmf-var/fonts/map/pdftex/updmap/pdftex.map}{/home/m/.TinyTeX/texmf-dist/fonts/enc/dvips/base/8r.enc}{/home/m/.TinyTeX/texmf-dist/fonts/enc/dvips/inconsolata/i4-t1-0.enc}]
LaTeX Font Info:    Trying to load font information for T1+phv on input line 46.
 (/home/m/.TinyTeX/texmf-dist/tex/latex/psnfss/t1phv.fd
File: t1phv.fd 2020/03/25 scalable font definitions for T1/phv.
) (/tmp/RtmpSGdhYt/Rd2pdfd98a0437c45f4/Rd2.toc [2])
\tf@toc=\write5
\openout5 = `Rd2.toc'.

 [3]
LaTeX Font Info:    Trying to load font information for TS1+zi4 on input line 58.
 (/home/m/.TinyTeX/texmf-dist/tex/latex/inconsolata/ts1zi4.fd
File: ts1zi4.fd 2018/01/14 TS1/zi4 (Inconsolata)
)
LaTeX Font Info:    Font shape `TS1/zi4/m/n' will be
(Font)              scaled to size 10.0pt on input line 58.

Overfull \hbox (22.01743pt too wide) in paragraph at lines 68--72
[]\T1/ptm/m/n/10 'selection_table' ob-ject or a data frame with columns for sound file name (sound.files),
 []

[4{/home/m/.TinyTeX/texmf-dist/fonts/enc/dvips/inconsolata/i4-ts1.enc}] [5]
LaTeX Font Info:    Font shape `T1/zi4/m/n' will be
(Font)              scaled to size 9.0pt on input line 181.
 [6] [7]
Overfull \hbox (21.38962pt too wide) in paragraph at lines 293--293
 []\T1/zi4/m/n/10 rm.axes = FALSE, title = NULL, by.row = TRUE, box = TRUE, highlight = FALSE, alpha = 0.5)[] 
 []

[8]
Overfull \hbox (3.76857pt too wide) in paragraph at lines 338--340
[]\T1/ptm/m/n/10 Character vec-tor of length 1 spec-i-fy-ing the win-dow func-tion name. See [][]\T1/zi4/m/n/10 ftwindow[][][]
 []


Overfull \hbox (0.59877pt too wide) in paragraph at lines 343--345
[][]\T1/zi4/m/n/10 spectro[][][] \T1/ptm/m/n/10 for more palettes. Palettes as [][]\T1/zi4/m/n/10 gray.2[][][] \T1/ptm/m/n/10 may work bet-ter when \T1/zi4/m/n/10 fast.spec
 []

[9]
Overfull \hbox (2.54782pt too wide) in paragraph at lines 431--434
\T1/ptm/m/n/10 spec-tro-gram. Use-ful to bet-ter dis-play the group-ing of se-lec-tions when 'group.tag'
 []

[10] [11] [12] [13] [14]
Overfull \hbox (8.43723pt too wide) in paragraph at lines 649--652
[]\T1/ptm/m/n/10 'selection_table' ob-ject or data frame with the fol-low-ing columns: 1) "sound.files":
 []

[15] [16] [17] [18] [19]
Overfull \hbox (41.93819pt too wide) in paragraph at lines 936--939
[][][]\T1/zi4/m/n/10 track_freq_contour[][][] \T1/ptm/m/n/10 for cre-at-ing spec-tro-grams to vi-su-al-ize fre-quency mea-sure-ments by [][]\T1/zi4/m/n/10 spectro_analysis[][][]\T1/ptm/m/n/10 ,
 []


Overfull \hbox (4.06956pt too wide) in paragraph at lines 940--947
[]\T1/ptm/m/n/10 Other spec-tro-gram cre-ators: [][]\T1/zi4/m/n/10 freq_DTW[][][]()\T1/ptm/m/n/10 , [][]\T1/zi4/m/n/10 multi_DTW[][][]()\T1/ptm/m/n/10 , [][]\T1/zi4/m/n/10 phylo_spectro[][][]()\T1/ptm/m/n/10 , [][]\T1/zi4/m/n/10 snr_spectrograms[][][]()\T1/ptm/m/n/10 ,
 []

[20] [21]
Overfull \hbox (6.20891pt too wide) in paragraph at lines 1036--1037
[]\T1/zi4/m/n/10 ffDTW\T1/ptm/m/n/10 : dy-namic time warp-ing on fun-da-men-tal fre-quency con-tours ([][]\T1/zi4/m/n/10 freq_DTW[][][]
 []


Overfull \hbox (14.93752pt too wide) in paragraph at lines 1039--1040
[]\T1/zi4/m/n/10 MFCC\T1/ptm/m/n/10 : sta-tis-ti-cal de-scrip-tors of Mel fre-quency cep-stral co-ef-fi-cients ([][]\T1/zi4/m/n/10 mfcc_stats[][][]
 []

[22]
Overfull \hbox (6.60756pt too wide) in paragraph at lines 1078--1080
[]\T1/ptm/m/n/10 Logical. If \T1/zi4/m/n/10 TRUE \T1/ptm/m/n/10 dom-i-nant and/or fun-da-men-tal fre-quency val-ues are z-transformed
 []

[23] [24]
Underfull \hbox (badness 10000) in paragraph at lines 1202--1202
[]\T1/ptm/m/it/10 Example ma-trix list-ing se-lec-tions to be com-pared by
 []

[25]
Overfull \hbox (42.96846pt too wide) in paragraph at lines 1231--1232
\T1/ptm/m/n/10 bin-ing the 'sound.files' and 'se-lec' columns of 'X', sep-a-rated by '-' (i.e. \T1/zi4/m/n/10 paste(X$sound.files,X$selec,sep
 []


Overfull \hbox (16.39984pt too wide) in paragraph at lines 1247--1247
 []\T1/zi4/m/n/10 consolidate(files = NULL, path = NULL, dest.path = NULL, pb = TRUE, file.ext = ".wav$", 
 []

[26] [27] [28] [29] [30]
Overfull \hbox (2.25635pt too wide) in paragraph at lines 1447--1447
 []  \T1/zi4/m/n/9 data(list = c("Phae.long1", "Phae.long2", "Phae.long3", "Phae.long4", "lbh_selec_table"))[] 
 []

LaTeX Font Info:    Font shape `TS1/zi4/m/n' will be
(Font)              scaled to size 9.0pt on input line 1464.
[31] [32] [33] [34] [35]
Overfull \hbox (8.77599pt too wide) in paragraph at lines 1732--1734
[]\T1/ptm/m/n/10 A data frame with the 'sound.files' and 'se-lec' columns in X plus an ad-di-tional col-umn ('prop.clipped')
 []

[36] [37] [38] [39] [40] [41] [42]
Overfull \hbox (29.06956pt too wide) in paragraph at lines 2101--2108
[]\T1/ptm/m/n/10 Other spec-tro-gram cre-ators: [][]\T1/zi4/m/n/10 color_spectro[][][]()\T1/ptm/m/n/10 , [][]\T1/zi4/m/n/10 multi_DTW[][][]()\T1/ptm/m/n/10 , [][]\T1/zi4/m/n/10 phylo_spectro[][][]()\T1/ptm/m/n/10 , [][]\T1/zi4/m/n/10 snr_spectrograms[][][]()\T1/ptm/m/n/10 ,
 []

[43] [44]
Overfull \hbox (0.59877pt too wide) in paragraph at lines 2209--2211
[][]\T1/zi4/m/n/10 spectro[][][] \T1/ptm/m/n/10 for more palettes. Palettes as [][]\T1/zi4/m/n/10 gray.2[][][] \T1/ptm/m/n/10 may work bet-ter when \T1/zi4/m/n/10 fast.spec
 []

[45]
Overfull \hbox (2.25635pt too wide) in paragraph at lines 2268--2268
 []  \T1/zi4/m/n/9 data(list = c("Phae.long1", "Phae.long2", "Phae.long3", "Phae.long4", "lbh_selec_table"))[] 
 []

[46] [47]
Overfull \hbox (0.59877pt too wide) in paragraph at lines 2341--2343
[][]\T1/zi4/m/n/10 spectro[][][] \T1/ptm/m/n/10 for more palettes. Palettes as [][]\T1/zi4/m/n/10 gray.2[][][] \T1/ptm/m/n/10 may work bet-ter when \T1/zi4/m/n/10 fast.spec
 []

[48]
Overfull \hbox (6.41006pt too wide) in paragraph at lines 2416--2416
 []\T1/zi4/m/n/10 img.suffix = "frequency.ts", pb = TRUE, clip.edges = FALSE, leglab = "frequency.ts",[] 
 []

[49] [50] [51] [52] [53]
Overfull \hbox (24.9584pt too wide) in paragraph at lines 2651--2655
\T1/ptm/m/n/10 able). De-fault is \T1/zi4/m/n/10 NULL\T1/ptm/m/n/10 . Al-ter-na-tively, it can also take the out-put of [][]\T1/zi4/m/n/10 cross_correlation[][][]
 []


Overfull \hbox (11.03954pt too wide) in paragraph at lines 2651--2655
\T1/ptm/m/n/10 or [][]\T1/zi4/m/n/10 auto_detec[][][] \T1/ptm/m/n/10 (when 'out-put' is a 'list', see [][]\T1/zi4/m/n/10 cross_correlation[][][] \T1/ptm/m/n/10 or [][]\T1/zi4/m/n/10 auto_detec[][][]\T1/ptm/m/n/10 ).
 []

[54] [55] [56] [57] [58]
Overfull \hbox (9.74408pt too wide) in paragraph at lines 2916--2916
 []\T1/zi4/m/n/9 wv <- image_to_wave(file = file.path(tempdir(), "temp-img.png"), plot = TRUE, flim = c(1, 12))[] 
 []

[59]
Overfull \hbox (21.39984pt too wide) in paragraph at lines 3006--3006
 []\T1/zi4/m/n/10 info_sound_files(path = NULL, files = NULL, parallel = 1, pb = TRUE, skip.error = FALSE, 
 []

[60] [61] [62]
Overfull \hbox (4.84805pt too wide) in paragraph at lines 3122--3123
[]\T1/zi4/m/n/10 is_extended_selection_table \T1/ptm/m/n/10 Check if the ob-ject be-longs to the class "ex-tended_selection_table" 
 []


Overfull \hbox (2.25635pt too wide) in paragraph at lines 3130--3130
 []  \T1/zi4/m/n/9 data(list = c("Phae.long1", "Phae.long2", "Phae.long3", "Phae.long4", "lbh_selec_table"))[] 
 []

[63]
Overfull \hbox (2.25635pt too wide) in paragraph at lines 3201--3201
 []  \T1/zi4/m/n/9 data(list = c("Phae.long1", "Phae.long2", "Phae.long3", "Phae.long4", "lbh_selec_table"))[] 
 []

[64] [65]
Overfull \hbox (25.41632pt too wide) in paragraph at lines 3289--3293
\T1/ptm/m/n/10 billed Her-mit) songs from the ex-am-ple sound files in-cluded in this pack-age. Sim-i-lar than 'lbh_selec_table'.
 []

[66] [67] [68] [69] [70]
Overfull \hbox (2.25635pt too wide) in paragraph at lines 3553--3553
 []  \T1/zi4/m/n/9 data(list = c("Phae.long1", "Phae.long2", "Phae.long3", "Phae.long4", "lbh_selec_table"))[] 
 []

[71] [72] [73]
Overfull \hbox (24.06956pt too wide) in paragraph at lines 3722--3729
[]\T1/ptm/m/n/10 Other spec-tro-gram cre-ators: [][]\T1/zi4/m/n/10 color_spectro[][][]()\T1/ptm/m/n/10 , [][]\T1/zi4/m/n/10 freq_DTW[][][]()\T1/ptm/m/n/10 , [][]\T1/zi4/m/n/10 phylo_spectro[][][]()\T1/ptm/m/n/10 , [][]\T1/zi4/m/n/10 snr_spectrograms[][][]()\T1/ptm/m/n/10 ,
 []

[74]
Overfull \hbox (26.23181pt too wide) in paragraph at lines 3744--3744
 []\T1/zi4/m/n/9 se <- freq_ts(X = lbh_selec_table, threshold = 10, img = FALSE, path = tempdir(), type = "entropy")[] 
 []

[75] [76]
Overfull \hbox (8.43723pt too wide) in paragraph at lines 3850--3853
[]\T1/ptm/m/n/10 'selection_table' ob-ject or data frame with the fol-low-ing columns: 1) "sound.files":
 []

[77] [78]
Overfull \hbox (8.45757pt too wide) in paragraph at lines 3954--3958
\T1/ptm/m/n/10 col-umn is used to match rows and tip la-bels. If us-ing an 'ex-tended_selection_table'
 []

[79]
Overfull \hbox (4.06956pt too wide) in paragraph at lines 4018--4025
[]\T1/ptm/m/n/10 Other spec-tro-gram cre-ators: [][]\T1/zi4/m/n/10 color_spectro[][][]()\T1/ptm/m/n/10 , [][]\T1/zi4/m/n/10 freq_DTW[][][]()\T1/ptm/m/n/10 , [][]\T1/zi4/m/n/10 multi_DTW[][][]()\T1/ptm/m/n/10 , [][]\T1/zi4/m/n/10 snr_spectrograms[][][]()\T1/ptm/m/n/10 ,
 []

[80]
Overfull \hbox (14.22568pt too wide) in paragraph at lines 4065--4065
 []\T1/zi4/m/n/9 inner.mar = rep(0, 4), size = 2, type = "fan", show.tip.label = FALSE, box = FALSE, axis = FALSE)[] 
 []

[81] [82]
Overfull \hbox (23.08014pt too wide) in paragraph at lines 4175--4175
 []\T1/zi4/m/n/10 query_xc(qword, download = FALSE, X = NULL, file.name = c("Genus", "Specific_epithet"), 
 []

[83]
Overfull \hbox (3.96805pt too wide) in paragraph at lines 4202--4204
\T1/ptm/m/n/10 only the 'Xeno-Canto' record-ing iden-ti-fi-ca-tion num-ber ("Record-ing_ID") is used.
 []


Overfull \hbox (18.4072pt too wide) in paragraph at lines 4216--4224
\T1/ptm/m/n/10 ar-gu-ment de-scrip-tion). Files are double-checked af-ter down-load-ing and "empty" files are re-downloaded.
 []

[84]
Overfull \hbox (0.94731pt too wide) in paragraph at lines 4292--4295
[]\T1/ptm/m/n/10 'data.frame', 'se-lec-tion_table' or 'ex-tended_selection_table' con-tain-ing columns
 []

[85] [86]
Overfull \hbox (14.26248pt too wide) in paragraph at lines 4356--4356
 []\T1/zi4/m/n/9 filepath <- system.file("extdata", "recording_20170716_230503.wac", package = "bioacoustics")[] 
 []


Overfull \hbox (0.94731pt too wide) in paragraph at lines 4382--4385
[]\T1/ptm/m/n/10 'data.frame', 'se-lec-tion_table' or 'ex-tended_selection_table' con-tain-ing columns
 []

[87] [88] [89] [90] [91] [92] [93] [94]
Overfull \hbox (47.94684pt too wide) in paragraph at lines 4805--4806
[]\T1/zi4/m/n/10 selection_table \T1/ptm/m/n/10 con-verts data frames into an ob-ject of classes 'se-lec-tion_table' or 'ex-tended_selection_table'. 
 []

[95]
Overfull \hbox (20.38736pt too wide) in paragraph at lines 4836--4842
[]\T1/ptm/m/n/10 Logical. If \T1/zi4/m/n/10 TRUE\T1/ptm/m/n/10 , the func-tion will cre-ate an ob-ject of class 'ex-tended_selection_table'
 []

[96]
Overfull \hbox (2.66682pt too wide) in paragraph at lines 4877--4878
[]\T1/ptm/m/n/10 This func-tion cre-ates and ob-ject of class 'se-lec-tion_table' or 'ex-tended_selection_table' (if \T1/zi4/m/n/10 extended
 []

[97] [98]
Overfull \hbox (95.6676pt too wide) in paragraph at lines 5013--5014
\T1/ptm/m/n/10 tude en-ve-lope RMS to N am-pli-tude en-ve-lope RMS (\T1/zi4/m/n/10 (rms(env(S)) -rms(env(N)))/rms(env(N))\T1/ptm/m/n/10 ) 
 []


Overfull \hbox (45.33707pt too wide) in paragraph at lines 5021--5023
[]\T1/ptm/m/n/10 Logical. Con-trols whether the signal-to-noise ra-tio is re-turned in deci-bels (20*log10(SNR)).
 []

[99] [100]
Overfull \hbox (3.0597pt too wide) in paragraph at lines 5098--5098
 []\T1/zi4/m/n/10 simulate_songs(n = 1, durs = 0.2, harms = 3, harm.amps = c(1, 0.5, 0.2), am.amps = 1, 
 []

[101]
Overfull \hbox (5.09688pt too wide) in paragraph at lines 5143--5146
\T1/ptm/m/n/10 "pure.tone" are ac-cepted at this time. Check the 'BB' func-tion in the Sim.DiffProc
 []

[102] [103] [104] [105]
Overfull \hbox (41.93819pt too wide) in paragraph at lines 5375--5378
[][][]\T1/zi4/m/n/10 track_freq_contour[][][] \T1/ptm/m/n/10 for cre-at-ing spec-tro-grams to vi-su-al-ize fre-quency mea-sure-ments by [][]\T1/zi4/m/n/10 spectro_analysis[][][]\T1/ptm/m/n/10 ,
 []

[106]
Overfull \hbox (6.38962pt too wide) in paragraph at lines 5429--5429
 []\T1/zi4/m/n/10 max_colm = NULL, elm_colm = NULL, elm_fun = NULL, sd = FALSE, parallel = 1, pb = TRUE,[] 
 []

[107] [108]
Overfull \hbox (20.23795pt too wide) in paragraph at lines 5532--5532
 []\T1/zi4/m/n/9 sp <- spectro_analysis(lbh_selec_table[1:8, ], bp = c(1, 11), 300, fast = TRUE, path = tempdir())[] 
 []

[109] [110]
Overfull \hbox (11.38962pt too wide) in paragraph at lines 5624--5624
 []\T1/zi4/m/n/10 type = "single", wl = 100, bp = NULL, remove.bgn = FALSE, mar = NULL, envelope = "abs")[] 
 []

[111] [112]
Overfull \hbox (23.06992pt too wide) in paragraph at lines 5716--5716
 []\T1/zi4/m/n/10 spectrograms(X, wl = 512, flim = "frange", wn = "hanning", pal  = reverse.gray.colors.2, 
 []


Overfull \hbox (11.3794pt too wide) in paragraph at lines 5717--5717
 []\T1/zi4/m/n/10 ovlp = 70, inner.mar = c(5, 4, 4, 2), outer.mar = c(0, 0, 0, 0), picsize = 1, res = 100,[] 
 []


Overfull \hbox (19.70932pt too wide) in paragraph at lines 5718--5718
 []\T1/zi4/m/n/10 cexlab = 1, propwidth = FALSE, xl = 1, osci = FALSE, gr = FALSE,  sc = FALSE, line = TRUE,[] 
 []

[113]
Overfull \hbox (7.29897pt too wide) in paragraph at lines 5787--5788
[]\T1/ptm/m/n/10 Fill color of box around se-lec-tions. De-fault is \T1/zi4/m/n/10 adjustcolor("#07889B",alpha.f
 []

[114]
Overfull \hbox (41.93819pt too wide) in paragraph at lines 5860--5863
[][][]\T1/zi4/m/n/10 track_freq_contour[][][] \T1/ptm/m/n/10 for cre-at-ing spec-tro-grams to vi-su-al-ize fre-quency mea-sure-ments by [][]\T1/zi4/m/n/10 spectro_analysis[][][]\T1/ptm/m/n/10 ,
 []

[115] [116] [117] [118]
Overfull \hbox (38.39726pt too wide) in paragraph at lines 6030--6031
[]\T1/zi4/m/n/10 HNR\T1/ptm/m/n/10 : harmonics-to-noise ra-tio (dB). A mea-sure of the har-monic con-tent gen-er-ated by [][]\T1/zi4/m/n/10 getPitchAutocor[][][]\T1/ptm/m/n/10 .
 []


Overfull \hbox (30.74101pt too wide) in paragraph at lines 6058--6058
 []\T1/zi4/m/n/9 sp_param <- spectro_analysis(X = lbh_selec_table[1:8,], pb = FALSE, fast = FALSE, path = tempdir())[] 
 []

[119]
Overfull \hbox (22.01743pt too wide) in paragraph at lines 6101--6104
[]\T1/ptm/m/n/10 'selection_table' ob-ject or a data frame with columns for sound file name (sound.files),
 []


Overfull \hbox (17.17825pt too wide) in paragraph at lines 6112--6113
[]\T1/ptm/m/n/10 Wave files for each seg-ment in the work-ing di-rec-tory (if \T1/zi4/m/n/10 only.sels = FALSE\T1/ptm/m/n/10 , named as 'sound.file.name-
 []

[120] [121]
Overfull \hbox (11.47816pt too wide) in paragraph at lines 6209--6212
[]\T1/ptm/m/n/10 Logical ar-gu-ment spec-i-fy-ing whether lim-its on fre-quency range should be recorded.
 []

[122]
Overfull \hbox (12.21689pt too wide) in paragraph at lines 6258--6284
[]\T1/ptm/m/n/10 This func-tion pro-duces an in-ter-ac-tive spec-tro-graphic view in which users can se-lect new time/frequency
 []

[123]
Overfull \hbox (9.73488pt too wide) in paragraph at lines 6310--6310
 []\T1/zi4/m/n/9 tailor_sels(X = lbh_selec_table, flim = c(1, 12), wl = 300, auto.next = TRUE, path = tempdir())[] 
 []

[124] [125] [126] [127]
Overfull \hbox (3.0597pt too wide) in paragraph at lines 6476--6476
 []  \T1/zi4/m/n/10 col = c("#E37222B3", "#07889BB3"), pch = c(21, 24),  mar = 0.05, lpos = "topright",[] 
 []


Overfull \hbox (3.0597pt too wide) in paragraph at lines 6480--6480
 []   \T1/zi4/m/n/10 widths = c(2, 1), freq.continuity = NULL, clip.edges = 2, track.harm = FALSE, ...)[] 
 []

[128] [129]
Overfull \hbox (12.46709pt too wide) in paragraph at lines 6603--6604
[]\T1/ptm/m/n/10 A nu-meric vec-tor of length 1 within [0,1] in-di-cat-ing how trans-par-ent the lines/points
 []


Overfull \hbox (22.49783pt too wide) in paragraph at lines 6642--6647
[]\T1/ptm/m/n/10 This func-tion pro-vides vi-su-al-iza-tion of fre-quency mea-sure-ments as the ones made by [][]\T1/zi4/m/n/10 spectro_analysis[][][]\T1/ptm/m/n/10 ,
 []

[130] [131] [132] [133] [134] [135] [136]
Overfull \hbox (2.25635pt too wide) in paragraph at lines 6993--6993
 []  \T1/zi4/m/n/9 data(list = c("Phae.long1", "Phae.long2", "Phae.long3", "Phae.long4", "lbh_selec_table"))[] 
 []


Overfull \hbox (0.73488pt too wide) in paragraph at lines 7008--7008
 []  \T1/zi4/m/n/9 # sig2noise with progress bar by setting it within the function call (overwritting options)[] 
 []

[137] [138] [139] (/tmp/RtmpSGdhYt/Rd2pdfd98a0437c45f4/Rd2.ind [140] [141

] [142] [143

]) (/tmp/RtmpSGdhYt/Rd2pdfd98a0437c45f4/Rd2.aux)
Package rerunfilecheck Info: File `Rd2.out' has not changed.
(rerunfilecheck)             Checksum: 041D77E94A18FE6981D6AC8EDE8144C4;8865.
 ) 
Here is how much of TeX's memory you used:
 10111 strings out of 478007
 155844 string characters out of 5839365
 1872248 words of memory out of 5000000
 29228 multiletter control sequences out of 15000+600000
 550318 words of font info for 70 fonts, out of 8000000 for 9000
 14 hyphenation exceptions out of 8191
 92i,6n,92p,1180b,727s stack positions out of 10000i,1000n,20000p,200000b,200000s

pdfTeX warning (dest): name{Rfn.wav2flac} has been referenced but does not exist, replaced by a fixed one


pdfTeX warning (dest): name{Rfn.try} has been referenced but does not exist, replaced by a fixed one


pdfTeX warning (dest): name{Rfn.cut.Rul.sels} has been referenced but does not exist, replaced by a fixed one


pdfTeX warning (dest): name{Rfn.getPitchAutocor} has been referenced but does not exist, replaced by a fixed one


pdfTeX warning (dest): name{Rfn.sfm} has been referenced but does not exist, replaced by a fixed one


pdfTeX warning (dest): name{Rfn.H} has been referenced but does not exist, replaced by a fixed one


pdfTeX warning (dest): name{Rfn.th} has been referenced but does not exist, replaced by a fixed one


pdfTeX warning (dest): name{Rfn.sh} has been referenced but does not exist, replaced by a fixed one


pdfTeX warning (dest): name{Rfn.acoustat} has been referenced but does not exist, replaced by a fixed one


pdfTeX warning (dest): name{Rfn.fpeaks} has been referenced but does not exist, replaced by a fixed one


pdfTeX warning (dest): name{Rfn.specprop} has been referenced but does not exist, replaced by a fixed one


pdfTeX warning (dest): name{Rfn.analyze} has been referenced but does not exist, replaced by a fixed one


pdfTeX warning (dest): name{Rfn.weighted.mean} has been referenced but does not exist, replaced by a fixed one


pdfTeX warning (dest): name{Rfn.set.seed} has been referenced but does not exist, replaced by a fixed one


pdfTeX warning (dest): name{Rfn.object.size} has been referenced but does not exist, replaced by a fixed one


pdfTeX warning (dest): name{Rfn.info.Rul.wavs} has been referenced but does not exist, replaced by a fixed one


pdfTeX warning (dest): name{Rfn.box} has been referenced but does not exist, replaced by a fixed one


pdfTeX warning (dest): name{Rfn.ladderize} has been referenced but does not exist, replaced by a fixed one


pdfTeX warning (dest): name{Rfn.plot.phylo} has been referenced but does not exist, replaced by a fixed one


pdfTeX warning (dest): name{Rfn.move.Rul.imgs} has been referenced but does not exist, replaced by a fixed one


pdfTeX warning (dest): name{Rfn.readMP3} has been referenced but does not exist, replaced by a fixed one


pdfTeX warning (dest): name{Rfn.writeWave} has been referenced but does not exist, replaced by a fixed one


pdfTeX warning (dest): name{Rfn.filtersels} has been referenced but does not exist, replaced by a fixed one


pdfTeX warning (dest): name{Rfn.warbleR} has been referenced but does not exist, replaced by a fixed one


pdfTeX warning (dest): name{Rfn.png} has been referenced but does not exist, replaced by a fixed one


pdfTeX warning (dest): name{Rfn.fund} has been referenced but does not exist, replaced by a fixed one


pdfTeX warning (dest): name{Rfn.FF} has been referenced but does not exist, replaced by a fixed one


pdfTeX warning (dest): name{Rfn.dfreq} has been referenced but does not exist, replaced by a fixed one


pdfTeX warning (dest): name{Rfn.track.Rul.harmonic} has been referenced but does not exist, replaced by a fixed one


pdfTeX warning (dest): name{Rfn.autodetec} has been referenced but does not exist, replaced by a fixed one


pdfTeX warning (dest): name{Rfn.frange} has been referenced but does not exist, replaced by a fixed one


pdfTeX warning (dest): name{Rfn.meanspec} has been referenced but does not exist, replaced by a fixed one


pdfTeX warning (dest): name{Rfn.dtwDist} has been referenced but does not exist, replaced by a fixed one


pdfTeX warning (dest): name{Rfn.findPeaks} has been referenced but does not exist, replaced by a fixed one


pdfTeX warning (dest): name{Rfn.normalize} has been referenced but does not exist, replaced by a fixed one


pdfTeX warning (dest): name{Rfn.lspec2pdf} has been referenced but does not exist, replaced by a fixed one


pdfTeX warning (dest): name{Rfn.env} has been referenced but does not exist, replaced by a fixed one


pdfTeX warning (dest): name{Rfn.grep} has been referenced but does not exist, replaced by a fixed one


pdfTeX warning (dest): name{Rfn.melfcc} has been referenced but does not exist, replaced by a fixed one


pdfTeX warning (dest): name{Rfn.lspec} has been referenced but does not exist, replaced by a fixed one


pdfTeX warning (dest): name{Rfn.cor} has been referenced but does not exist, replaced by a fixed one


pdfTeX warning (dest): name{Rfn.file.copy} has been referenced but does not exist, replaced by a fixed one


pdfTeX warning (dest): name{Rfn.cmdscale} has been referenced but does not exist, replaced by a fixed one


pdfTeX warning (dest): name{Rfn.dtw} has been referenced but does not exist, replaced by a fixed one


pdfTeX warning (dest): name{Rfn.scale} has been referenced but does not exist, replaced by a fixed one


pdfTeX warning (dest): name{Rfn.prcomp} has been referenced but does not exist, replaced by a fixed one


pdfTeX warning (dest): name{Rfn.check.Rul.wavs} has been referenced but does not exist, replaced by a fixed one


pdfTeX warning (dest): name{Rfn.readWave} has been referenced but does not exist, replaced by a fixed one


pdfTeX warning (dest): name{Rfn.pdf} has been referenced but does not exist, replaced by a fixed one


pdfTeX warning (dest): name{Rfn.par} has been referenced but does not exist, replaced by a fixed one


pdfTeX warning (dest): name{Rfn.rainbow.1} has been referenced but does not exist, replaced by a fixed one


pdfTeX warning (dest): name{Rfn.topo.1} has been referenced but does not exist, replaced by a fixed one


pdfTeX warning (dest): name{Rfn.gray.3} has been referenced but does not exist, replaced by a fixed one


pdfTeX warning (dest): name{Rfn.gray.1} has been referenced but does not exist, replaced by a fixed one


pdfTeX warning (dest): name{Rfn.gray.2} has been referenced but does not exist, replaced by a fixed one


pdfTeX warning (dest): name{Rfn.ftwindow} has been referenced but does not exist, replaced by a fixed one


pdfTeX warning (dest): name{Rfn.spectro} has been referenced but does not exist, replaced by a fixed one


pdfTeX warning (dest): name{Rfn.timer} has been referenced but does not exist, replaced by a fixed one


pdfTeX warning (dest): name{Rfn.approx} has been referenced but does not exist, replaced by a fixed one


pdfTeX warning (dest): name{Rfn.ffilter} has been referenced but does not exist, replaced by a fixed one

</home/m/.TinyTeX/texmf-dist/fonts/type1/public/inconsolata/Inconsolata-zi4r.pfb></home/m/.TinyTeX/texmf-dist/fonts/type1/public/amsfonts/cm/cmmi10.pfb></home/m/.TinyTeX/texmf-dist/fonts/type1/public/amsfonts/cm/cmr10.pfb></home/m/.TinyTeX/texmf-dist/fonts/type1/public/amsfonts/cm/cmsy10.pfb></home/m/.TinyTeX/texmf-dist/fonts/type1/urw/helvetic/uhvr8a.pfb></home/m/.TinyTeX/texmf-dist/fonts/type1/urw/times/utmb8a.pfb></home/m/.TinyTeX/texmf-dist/fonts/type1/urw/times/utmr8a.pfb></home/m/.TinyTeX/texmf-dist/fonts/type1/urw/times/utmr8a.pfb></home/m/.TinyTeX/texmf-dist/fonts/type1/urw/times/utmri8a.pfb>
Output written on Rd2.pdf (143 pages, 460156 bytes).
PDF statistics:
 2929 PDF objects out of 2984 (max. 8388607)
 2737 compressed objects within 28 object streams
 912 named destinations out of 1000 (max. 500000)
 561 words of extra memory for PDF output out of 10000 (max. 10000000)

